-- The C compiler identification is GNU 13.3.0
-- The CXX compiler identification is GNU 13.3.0
-- Detecting C compiler ABI info
-- Detecting C compiler ABI info - done
-- Check for working C compiler: /usr/bin/cc - skipped
-- Detecting C compile features
-- Detecting C compile features - done
-- Detecting CXX compiler ABI info
-- Detecting CXX compiler ABI info - done
-- Check for working CXX compiler: /usr/bin/c++ - skipped
-- Detecting CXX compile features
-- Detecting CXX compile features - done
-- Found ament_cmake: 2.5.4 (/opt/ros/jazzy/share/ament_cmake/cmake)
-- Found Python3: /usr/bin/python3 (found version "3.12.3") found components: Interpreter 
-- Found rclcpp: 28.1.11 (/opt/ros/jazzy/share/rclcpp/cmake)
-- Found rosidl_generator_c: 4.6.6 (/opt/ros/jazzy/share/rosidl_generator_c/cmake)
-- Found rosidl_generator_cpp: 4.6.6 (/opt/ros/jazzy/share/rosidl_generator_cpp/cmake)
-- Using all available rosidl_typesupport_c: rosidl_typesupport_fastrtps_c;rosidl_typesupport_introspection_c
-- Using all available rosidl_typesupport_cpp: rosidl_typesupport_fastrtps_cpp;rosidl_typesupport_introspection_cpp
-- Found rmw_implementation_cmake: 7.3.2 (/opt/ros/jazzy/share/rmw_implementation_cmake/cmake)
-- Found rmw_fastrtps_cpp: 8.4.3 (/opt/ros/jazzy/share/rmw_fastrtps_cpp/cmake)
-- Found OpenSSL: /usr/lib/x86_64-linux-gnu/libcrypto.so (found version "3.0.13")  
-- Found FastRTPS: /opt/ros/jazzy/include (Required is at least version "2.13") 
-- Using RMW implementation 'rmw_fastrtps_cpp' as default
-- Found std_srvs: 5.3.6 (/opt/ros/jazzy/share/std_srvs/cmake)
-- Found visualization_msgs: 5.3.6 (/opt/ros/jazzy/share/visualization_msgs/cmake)
-- Found hive_interface2: 0.0.1 (/home/thomas24/hive_ws2/install/hive_interface2/share/hive_interface2/cmake)
-- Configuring done (1.7s)
-- Generating done (0.0s)
[33mCMake Warning:
  Manually-specified variables were not used by the project:

    CATKIN_INSTALL_INTO_PREFIX_ROOT

[0m
-- Build files have been written to: /home/thomas24/hive_ws2/build/hive_route_planner
[ 66%] Built target route_utils
[ 66%] Built target astar_planner
[ 83%] [32mBuilding CXX object CMakeFiles/hive_route_planner_node.dir/src/hive_route_planner_node.cpp.o[0m
[01m[K/home/thomas24/hive_ws2/src/hive_route_planner/src/hive_route_planner_node.cpp:247:58:[m[K [01;31m[Kerror: [m[Kâ€˜[01m[KAStarPlanner[m[Kâ€™ in namespace â€˜[01m[Khive_route_planner[m[Kâ€™ does not name a type
  247 |   void publishRoutePlanMarkers(const hive_route_planner::[01;31m[KAStarPlanner[m[K& planner,
      |                                                          [01;31m[K^~~~~~~~~~~~[m[K
[01m[K/home/thomas24/hive_ws2/src/hive_route_planner/src/hive_route_planner_node.cpp:250:58:[m[K [01;31m[Kerror: [m[Kâ€˜[01m[KPathResult[m[Kâ€™ in namespace â€˜[01m[Khive_route_planner[m[Kâ€™ does not name a type
  250 |                                const hive_route_planner::[01;31m[KPathResult[m[K& best)
      |                                                          [01;31m[K^~~~~~~~~~[m[K
[01m[K/home/thomas24/hive_ws2/src/hive_route_planner/src/hive_route_planner_node.cpp:[m[K In member function â€˜[01m[Kvoid HiveRoutePlannerNode::[01;32m[KhandleComputeRoute[m[K(std::shared_ptr<hive_interface2::srv::ComputeRoute_Request_<std::allocator<void> > >, std::shared_ptr<hive_interface2::srv::ComputeRoute_Response_<std::allocator<void> > >)[m[Kâ€™:
[01m[K/home/thomas24/hive_ws2/src/hive_route_planner/src/hive_route_planner_node.cpp:204:25:[m[K [01;31m[Kerror: [m[Kâ€˜[01m[Khive_route_planner::AStarPlanner[m[Kâ€™ has not been declared
  204 |     hive_route_planner::[01;31m[KAStarPlanner[m[K::Params P;
      |                         [01;31m[K^~~~~~~~~~~~[m[K
[01m[K/home/thomas24/hive_ws2/src/hive_route_planner/src/hive_route_planner_node.cpp:205:5:[m[K [01;31m[Kerror: [m[Kâ€˜[01m[KP[m[Kâ€™ was not declared in this scope
  205 |     [01;31m[KP[m[K.epsilon_merge_m = epsilon_merge_m_;
      |     [01;31m[K^[m[K
[01m[K/home/thomas24/hive_ws2/src/hive_route_planner/src/hive_route_planner_node.cpp:211:25:[m[K [01;31m[Kerror: [m[Kâ€˜[01m[KAStarPlanner[m[Kâ€™ is not a member of â€˜[01m[Khive_route_planner[m[Kâ€™
  211 |     hive_route_planner::[01;31m[KAStarPlanner[m[K planner(store_.data(), P);
      |                         [01;31m[K^~~~~~~~~~~~[m[K
[01m[K/home/thomas24/hive_ws2/src/hive_route_planner/src/hive_route_planner_node.cpp:212:62:[m[K [01;31m[Kerror: [m[Kâ€˜[01m[Khive_route_planner::CostMode[m[Kâ€™ has not been declared
  212 |     const auto mode = (req->mode == 1) ? hive_route_planner::[01;31m[KCostMode[m[K::TIME
      |                                                              [01;31m[K^~~~~~~~[m[K
[01m[K/home/thomas24/hive_ws2/src/hive_route_planner/src/hive_route_planner_node.cpp:213:62:[m[K [01;31m[Kerror: [m[Kâ€˜[01m[Khive_route_planner::CostMode[m[Kâ€™ has not been declared
  213 |                                        : hive_route_planner::[01;31m[KCostMode[m[K::DISTANCE;
      |                                                              [01;31m[K^~~~~~~~[m[K
[01m[K/home/thomas24/hive_ws2/src/hive_route_planner/src/hive_route_planner_node.cpp:215:14:[m[K [01;31m[Kerror: [m[Kâ€˜[01m[Kplanner[m[Kâ€™ was not declared in this scope
  215 |     auto R = [01;31m[Kplanner[m[K.compute({sx,sy}, {gx,gy}, mode, /*return_with_projection_lanelets=*/true);
      |              [01;31m[K^~~~~~~[m[K
In file included from [01m[K/opt/ros/jazzy/include/rclcpp/rclcpp/logging.hpp:24[m[K,
                 from [01m[K/opt/ros/jazzy/include/rclcpp/rclcpp/copy_all_parameter_values.hpp:27[m[K,
                 from [01m[K/opt/ros/jazzy/include/rclcpp/rclcpp/rclcpp.hpp:171[m[K,
                 from [01m[K/home/thomas24/hive_ws2/src/hive_route_planner/src/hive_route_planner_node.cpp:1[m[K:
[01m[K/home/thomas24/hive_ws2/src/hive_route_planner/src/hive_route_planner_node.cpp:242:34:[m[K [01;31m[Kerror: [m[Kâ€˜[01m[Khive_route_planner::CostMode[m[Kâ€™ has not been declared
  242 |       (mode==hive_route_planner::[01;31m[KCostMode[m[K::DISTANCE) ? "DIST" : "TIME",
      |                                  [01;31m[K^~~~~~~~[m[K
[01m[K/home/thomas24/hive_ws2/src/hive_route_planner/src/hive_route_planner_node.cpp:[m[K In member function â€˜[01m[Kvoid HiveRoutePlannerNode::[01;32m[KpublishRoutePlanMarkers[m[K(const int&, std::pair<double, double>, std::pair<double, double>, const int&)[m[Kâ€™:
[01m[K/home/thomas24/hive_ws2/src/hive_route_planner/src/hive_route_planner_node.cpp:274:30:[m[K [01;31m[Kerror: [m[Krequest for member â€˜[01m[Kstart_projection[m[Kâ€™ in â€˜[01m[Kplanner[m[Kâ€™, which is of non-class type â€˜[01m[Kconst int[m[Kâ€™
  274 |     const auto& sp = planner.[01;31m[Kstart_projection[m[K();
      |                              [01;31m[K^~~~~~~~~~~~~~~~[m[K
[01m[K/home/thomas24/hive_ws2/src/hive_route_planner/src/hive_route_planner_node.cpp:275:30:[m[K [01;31m[Kerror: [m[Krequest for member â€˜[01m[Kgoal_projection[m[Kâ€™ in â€˜[01m[Kplanner[m[Kâ€™, which is of non-class type â€˜[01m[Kconst int[m[Kâ€™
  275 |     const auto& gp = planner.[01;31m[Kgoal_projection[m[K();
      |                              [01;31m[K^~~~~~~~~~~~~~~[m[K
[01m[K/home/thomas24/hive_ws2/src/hive_route_planner/src/hive_route_planner_node.cpp:281:38:[m[K [01;31m[Kerror: [m[Krequest for member â€˜[01m[Kcandidate_results[m[Kâ€™ in â€˜[01m[Kplanner[m[Kâ€™, which is of non-class type â€˜[01m[Kconst int[m[Kâ€™
  281 |     const auto& candidates = planner.[01;31m[Kcandidate_results[m[K();
      |                                      [01;31m[K^~~~~~~~~~~~~~~~~[m[K
[01m[K/home/thomas24/hive_ws2/src/hive_route_planner/src/hive_route_planner_node.cpp:325:52:[m[K [01;31m[Kerror: [m[Kâ€˜[01m[KPathResult[m[Kâ€™ in namespace â€˜[01m[Khive_route_planner[m[Kâ€™ does not name a type
  325 |     auto eq_result = [&](const hive_route_planner::[01;31m[KPathResult[m[K& A,
      |                                                    [01;31m[K^~~~~~~~~~[m[K
[01m[K/home/thomas24/hive_ws2/src/hive_route_planner/src/hive_route_planner_node.cpp:331:6:[m[K [01;31m[Kerror: [m[Kexpected â€˜[01m[K)[m[Kâ€™ before â€˜[01m[K;[m[Kâ€™ token
  331 |     }[01;31m[K;[m[K
      |      [01;31m[K^[m[K
[01m[K/home/thomas24/hive_ws2/src/hive_route_planner/src/hive_route_planner_node.cpp:325:25:[m[K [01;36m[Knote: [m[Kto match this â€˜[01m[K([m[Kâ€™
  325 |     auto eq_result = [&][01;36m[K([m[Kconst hive_route_planner::PathResult& A,
      |                         [01;36m[K^[m[K
[01m[K/home/thomas24/hive_ws2/src/hive_route_planner/src/hive_route_planner_node.cpp:[m[K In lambda function:
[01m[K/home/thomas24/hive_ws2/src/hive_route_planner/src/hive_route_planner_node.cpp:331:6:[m[K [01;31m[Kerror: [m[Kexpected â€˜[01m[K{[m[Kâ€™ before â€˜[01m[K;[m[Kâ€™ token
  331 |     }[01;31m[K;[m[K
      |      [01;31m[K^[m[K
[01m[K/home/thomas24/hive_ws2/src/hive_route_planner/src/hive_route_planner_node.cpp:[m[K In member function â€˜[01m[Kvoid HiveRoutePlannerNode::[01;32m[KpublishRoutePlanMarkers[m[K(const int&, std::pair<double, double>, std::pair<double, double>, const int&)[m[Kâ€™:
[01m[K/home/thomas24/hive_ws2/src/hive_route_planner/src/hive_route_planner_node.cpp:345:36:[m[K [01;31m[Kerror: [m[Krequest for member â€˜[01m[Ksuccess[m[Kâ€™ in â€˜[01m[Kbest[m[Kâ€™, which is of non-class type â€˜[01m[Kconst int[m[Kâ€™
  345 |     if (candidates.empty() && best.[01;31m[Ksuccess[m[K) {
      |                                    [01;31m[K^~~~~~~[m[K
[01m[K/home/thomas24/hive_ws2/src/hive_route_planner/src/hive_route_planner_node.cpp:346:27:[m[K [01;31m[Kerror: [m[Krequest for member â€˜[01m[Klanelet_indices[m[Kâ€™ in â€˜[01m[Kbest[m[Kâ€™, which is of non-class type â€˜[01m[Kconst int[m[Kâ€™
  346 |       add_line(id++, best.[01;31m[Klanelet_indices[m[K, /*is_best=*/true,
      |                           [01;31m[K^~~~~~~~~~~~~~~[m[K
gmake[2]: *** [CMakeFiles/hive_route_planner_node.dir/build.make:76: CMakeFiles/hive_route_planner_node.dir/src/hive_route_planner_node.cpp.o] Error 1
gmake[1]: *** [CMakeFiles/Makefile2:194: CMakeFiles/hive_route_planner_node.dir/all] Error 2
gmake: *** [Makefile:146: all] Error 2
