In file included from [01m[K/home/thomas24/hive_ws2/src/hive_nav_brain/src/hive_nav_brain_node.cpp:1[m[K:
[01m[K/home/thomas24/hive_ws2/src/hive_nav_brain/include/hive_nav_brain/hive_nav_brain_node.hpp:99:66:[m[K [01;31m[Kerror: [m[Kredeclaration of â€˜[01m[Krclcpp::Publisher<geometry_msgs::msg::PointStamped_<std::allocator<void> > >::SharedPtr HiveNavBrainNode::target_pub_[m[Kâ€™
   99 |   rclcpp::Publisher<geometry_msgs::msg::PointStamped>::SharedPtr [01;31m[Ktarget_pub_[m[K;
      |                                                                  [01;31m[K^~~~~~~~~~~[m[K
[01m[K/home/thomas24/hive_ws2/src/hive_nav_brain/include/hive_nav_brain/hive_nav_brain_node.hpp:95:66:[m[K [01;36m[Knote: [m[Kprevious declaration â€˜[01m[Krclcpp::Publisher<geometry_msgs::msg::PointStamped_<std::allocator<void> > >::SharedPtr HiveNavBrainNode::target_pub_[m[Kâ€™
   95 |   rclcpp::Publisher<geometry_msgs::msg::PointStamped>::SharedPtr [01;36m[Ktarget_pub_[m[K;
      |                                                                  [01;36m[K^~~~~~~~~~~[m[K
[01m[K/home/thomas24/hive_ws2/src/hive_nav_brain/src/hive_nav_brain_node.cpp:[m[K In member function â€˜[01m[Kdouble HiveNavBrainNode::[01;32m[Kcompute_distance_to_current_path_xy[m[K(double, double, std::string&) const[m[Kâ€™:
[01m[K/home/thomas24/hive_ws2/src/hive_nav_brain/src/hive_nav_brain_node.cpp:513:22:[m[K [01;31m[Kerror: [m[Kâ€˜[01m[Klimits[m[Kâ€™ is not a member of â€˜[01m[Kstd[m[Kâ€™
  513 |   double best = std::[01;31m[Klimits[m[K<double>::infinity(); // fixed below
      |                      [01;31m[K^~~~~~[m[K
[01m[K/home/thomas24/hive_ws2/src/hive_nav_brain/src/hive_nav_brain_node.cpp:513:29:[m[K [01;31m[Kerror: [m[Kexpected primary-expression before â€˜[01m[Kdouble[m[Kâ€™
  513 |   double best = std::limits<[01;31m[Kdouble[m[K>::infinity(); // fixed below
      |                             [01;31m[K^~~~~~[m[K
gmake[2]: *** [CMakeFiles/hive_nav_brain_lib.dir/build.make:76: CMakeFiles/hive_nav_brain_lib.dir/src/hive_nav_brain_node.cpp.o] Error 1
gmake[1]: *** [CMakeFiles/Makefile2:139: CMakeFiles/hive_nav_brain_lib.dir/all] Error 2
gmake: *** [Makefile:146: all] Error 2
