[0.015s] Invoking command in '/home/thomas24/hive_ws2/build/hive_route_planner': CMAKE_PREFIX_PATH=/home/thomas24/hive_ws2/install/hive_interface2:/home/thomas24/hive_ws2/install/nav2_bringup:/home/thomas24/hive_ws2/install/navigation2:/home/thomas24/hive_ws2/install/opennav_docking:/home/thomas24/hive_ws2/install/opennav_docking_core:/home/thomas24/hive_ws2/install/opennav_docking_bt:/home/thomas24/hive_ws2/install/nav2_dwb_controller:/home/thomas24/hive_ws2/install/dwb_plugins:/home/thomas24/hive_ws2/install/dwb_critics:/home/thomas24/hive_ws2/install/dwb_core:/home/thomas24/hive_ws2/install/nav_2d_utils:/home/thomas24/hive_ws2/install/dwb_msgs:/home/thomas24/hive_ws2/install/nav_2d_msgs:/home/thomas24/hive_ws2/install/nav2_waypoint_follower:/home/thomas24/hive_ws2/install/nav2_theta_star_planner:/home/thomas24/hive_ws2/install/nav2_smoother:/home/thomas24/hive_ws2/install/nav2_smac_planner:/home/thomas24/hive_ws2/install/nav2_rviz_plugins:/home/thomas24/hive_ws2/install/nav2_route:/home/thomas24/hive_ws2/install/nav2_rotation_shim_controller:/home/thomas24/hive_ws2/install/nav2_regulated_pure_pursuit_controller:/home/thomas24/hive_ws2/install/nav2_planner:/home/thomas24/hive_ws2/install/nav2_navfn_planner:/home/thomas24/hive_ws2/install/nav2_mppi_controller:/home/thomas24/hive_ws2/install/nav2_graceful_controller:/home/thomas24/hive_ws2/install/nav2_controller:/home/thomas24/hive_ws2/install/nav2_constrained_smoother:/home/thomas24/hive_ws2/install/nav2_bt_navigator:/home/thomas24/hive_ws2/install/nav2_behaviors:/home/thomas24/hive_ws2/install/nav2_core:/home/thomas24/hive_ws2/install/nav2_collision_monitor:/home/thomas24/hive_ws2/install/hive_costmap:/home/thomas24/hive_ws2/install/costmap_queue:/home/thomas24/hive_ws2/install/nav2_costmap_2d:/home/thomas24/hive_ws2/install/nav2_voxel_grid:/home/thomas24/hive_ws2/install/nav2_velocity_smoother:/home/thomas24/hive_ws2/install/nav2_map_server:/home/thomas24/hive_ws2/install/nav2_lifecycle_manager:/home/thomas24/hive_ws2/install/nav2_behavior_tree:/home/thomas24/hive_ws2/install/nav2_amcl:/home/thomas24/hive_ws2/install/nav2_util:/home/thomas24/hive_ws2/install/nav2_system_tests:/home/thomas24/hive_ws2/install/nav2_ros_common:/home/thomas24/hive_ws2/install/nav2_msgs:/home/thomas24/hive_ws2/install/nav2_common:/home/thomas24/hive_ws2/install/hive_route_planner:/home/thomas24/hive_ws2/install/dev_route_provider:/home/thomas24/hiveverse_ws/install/hive_simulation:/home/thomas24/hiveverse_ws/install/hive_robot_description:/opt/ros/jazzy/opt/gz_sim_vendor:/opt/ros/jazzy/opt/gz_sensors_vendor:/opt/ros/jazzy/opt/gz_physics_vendor:/opt/ros/jazzy/opt/sdformat_vendor:/opt/ros/jazzy/opt/gz_gui_vendor:/opt/ros/jazzy/opt/gz_transport_vendor:/opt/ros/jazzy/opt/gz_rendering_vendor:/opt/ros/jazzy/opt/gz_plugin_vendor:/opt/ros/jazzy/opt/gz_fuel_tools_vendor:/opt/ros/jazzy/opt/gz_msgs_vendor:/opt/ros/jazzy/opt/gz_common_vendor:/opt/ros/jazzy/opt/gz_math_vendor:/opt/ros/jazzy/opt/gz_utils_vendor:/opt/ros/jazzy/opt/gz_tools_vendor:/opt/ros/jazzy/opt/gz_ogre_next_vendor:/opt/ros/jazzy/opt/gz_dartsim_vendor:/opt/ros/jazzy/opt/gz_cmake_vendor DEBUGINFOD_URLS=https://debuginfod.ubuntu.com LD_LIBRARY_PATH=/home/thomas24/hive_ws2/install/hive_interface2/lib:/home/thomas24/hive_ws2/install/opennav_docking/lib:/home/thomas24/hive_ws2/install/opennav_docking_bt/lib:/home/thomas24/hive_ws2/install/dwb_plugins/lib:/home/thomas24/hive_ws2/install/dwb_critics/lib:/home/thomas24/hive_ws2/install/dwb_core/lib:/home/thomas24/hive_ws2/install/nav_2d_utils/lib:/home/thomas24/hive_ws2/install/dwb_msgs/lib:/home/thomas24/hive_ws2/install/nav_2d_msgs/lib:/home/thomas24/hive_ws2/install/nav2_waypoint_follower/lib:/home/thomas24/hive_ws2/install/nav2_theta_star_planner/lib:/home/thomas24/hive_ws2/install/nav2_smoother/lib:/home/thomas24/hive_ws2/install/nav2_smac_planner/lib:/home/thomas24/hive_ws2/install/nav2_rviz_plugins/lib:/home/thomas24/hive_ws2/install/nav2_route/lib:/home/thomas24/hive_ws2/install/nav2_rotation_shim_controller/lib:/home/thomas24/hive_ws2/install/nav2_regulated_pure_pursuit_controller/lib:/home/thomas24/hive_ws2/install/nav2_planner/lib:/home/thomas24/hive_ws2/install/nav2_navfn_planner/lib:/home/thomas24/hive_ws2/install/nav2_mppi_controller/lib:/home/thomas24/hive_ws2/install/nav2_graceful_controller/lib:/home/thomas24/hive_ws2/install/nav2_controller/lib:/home/thomas24/hive_ws2/install/nav2_constrained_smoother/lib:/home/thomas24/hive_ws2/install/nav2_bt_navigator/lib:/home/thomas24/hive_ws2/install/nav2_behaviors/lib:/home/thomas24/hive_ws2/install/nav2_collision_monitor/lib:/home/thomas24/hive_ws2/install/hive_costmap/lib:/home/thomas24/hive_ws2/install/costmap_queue/lib:/home/thomas24/hive_ws2/install/nav2_costmap_2d/lib:/home/thomas24/hive_ws2/install/nav2_voxel_grid/lib:/home/thomas24/hive_ws2/install/nav2_velocity_smoother/lib:/home/thomas24/hive_ws2/install/nav2_map_server/lib:/home/thomas24/hive_ws2/install/nav2_lifecycle_manager/lib:/home/thomas24/hive_ws2/install/nav2_behavior_tree/lib:/home/thomas24/hive_ws2/install/nav2_amcl/lib:/home/thomas24/hive_ws2/install/nav2_util/lib:/home/thomas24/hive_ws2/install/nav2_system_tests/lib:/home/thomas24/hive_ws2/install/nav2_msgs/lib:/opt/ros/jazzy/opt/gz_sim_vendor/lib:/opt/ros/jazzy/opt/gz_sensors_vendor/lib:/opt/ros/jazzy/opt/gz_physics_vendor/lib:/opt/ros/jazzy/opt/sdformat_vendor/lib:/opt/ros/jazzy/opt/rviz_ogre_vendor/lib:/opt/ros/jazzy/lib/x86_64-linux-gnu:/opt/ros/jazzy/opt/gz_gui_vendor/lib:/opt/ros/jazzy/opt/gz_transport_vendor/lib:/opt/ros/jazzy/opt/gz_rendering_vendor/lib:/opt/ros/jazzy/opt/gz_plugin_vendor/lib:/opt/ros/jazzy/opt/gz_fuel_tools_vendor/lib:/opt/ros/jazzy/opt/gz_msgs_vendor/lib:/opt/ros/jazzy/opt/gz_common_vendor/lib:/opt/ros/jazzy/opt/gz_math_vendor/lib:/opt/ros/jazzy/opt/gz_utils_vendor/lib:/opt/ros/jazzy/opt/gz_tools_vendor/lib:/opt/ros/jazzy/opt/gz_ogre_next_vendor/lib:/opt/ros/jazzy/opt/gz_dartsim_vendor/lib:/opt/ros/jazzy/opt/gz_cmake_vendor/lib:/opt/ros/jazzy/lib PYTHONPATH=/home/thomas24/hive_ws2/install/hive_interface2/lib/python3.12/site-packages:/home/thomas24/hive_ws2/install/vanilla_brain_nav2/lib/python3.12/site-packages:/home/thomas24/hive_ws2/install/dwb_msgs/lib/python3.12/site-packages:/home/thomas24/hive_ws2/install/nav_2d_msgs/lib/python3.12/site-packages:/home/thomas24/hive_ws2/install/nav2_loopback_sim/lib/python3.12/site-packages:/home/thomas24/hive_ws2/install/nav2_simple_commander/lib/python3.12/site-packages:/home/thomas24/hive_ws2/install/nav2_msgs/lib/python3.12/site-packages:/home/thomas24/hive_ws2/install/nav2_common/lib/python3.12/site-packages:/home/thomas24/hiveverse_ws/install/hive_tools/lib/python3.12/site-packages:/home/thomas24/hiveverse_ws/install/hive_bringup/lib/python3.12/site-packages:/opt/ros/jazzy/lib/python3.12/site-packages /usr/bin/cmake /home/thomas24/hive_ws2/src/hive_route_planner -DCATKIN_INSTALL_INTO_PREFIX_ROOT=0 -DCMAKE_INSTALL_PREFIX=/home/thomas24/hive_ws2/install/hive_route_planner
[0.081s] -- The C compiler identification is GNU 13.3.0
[0.141s] -- The CXX compiler identification is GNU 13.3.0
[0.159s] -- Detecting C compiler ABI info
[0.264s] -- Detecting C compiler ABI info - done
[0.271s] -- Check for working C compiler: /usr/bin/cc - skipped
[0.271s] -- Detecting C compile features
[0.271s] -- Detecting C compile features - done
[0.281s] -- Detecting CXX compiler ABI info
[0.400s] -- Detecting CXX compiler ABI info - done
[0.407s] -- Check for working CXX compiler: /usr/bin/c++ - skipped
[0.407s] -- Detecting CXX compile features
[0.407s] -- Detecting CXX compile features - done
[0.415s] -- Found ament_cmake: 2.5.4 (/opt/ros/jazzy/share/ament_cmake/cmake)
[0.601s] -- Found Python3: /usr/bin/python3 (found version "3.12.3") found components: Interpreter 
[0.765s] -- Found rclcpp: 28.1.11 (/opt/ros/jazzy/share/rclcpp/cmake)
[0.846s] -- Found rosidl_generator_c: 4.6.6 (/opt/ros/jazzy/share/rosidl_generator_c/cmake)
[0.873s] -- Found rosidl_generator_cpp: 4.6.6 (/opt/ros/jazzy/share/rosidl_generator_cpp/cmake)
[0.901s] -- Using all available rosidl_typesupport_c: rosidl_typesupport_fastrtps_c;rosidl_typesupport_introspection_c
[0.930s] -- Using all available rosidl_typesupport_cpp: rosidl_typesupport_fastrtps_cpp;rosidl_typesupport_introspection_cpp
[1.044s] -- Found rmw_implementation_cmake: 7.3.2 (/opt/ros/jazzy/share/rmw_implementation_cmake/cmake)
[1.053s] -- Found rmw_fastrtps_cpp: 8.4.3 (/opt/ros/jazzy/share/rmw_fastrtps_cpp/cmake)
[1.169s] -- Found OpenSSL: /usr/lib/x86_64-linux-gnu/libcrypto.so (found version "3.0.13")  
[1.191s] -- Found FastRTPS: /opt/ros/jazzy/include (Required is at least version "2.13") 
[1.216s] -- Using RMW implementation 'rmw_fastrtps_cpp' as default
[1.314s] -- Found std_srvs: 5.3.6 (/opt/ros/jazzy/share/std_srvs/cmake)
[1.333s] -- Found visualization_msgs: 5.3.6 (/opt/ros/jazzy/share/visualization_msgs/cmake)
[1.416s] -- Found hive_interface2: 0.0.1 (/home/thomas24/hive_ws2/install/hive_interface2/share/hive_interface2/cmake)
[1.565s] -- Configuring done (1.5s)
[1.583s] -- Generating done (0.0s)
[1.584s] [33mCMake Warning:
[1.585s]   Manually-specified variables were not used by the project:
[1.585s] 
[1.585s]     CATKIN_INSTALL_INTO_PREFIX_ROOT
[1.585s] 
[1.585s] [0m
[1.588s] -- Build files have been written to: /home/thomas24/hive_ws2/build/hive_route_planner
[1.600s] Invoked command in '/home/thomas24/hive_ws2/build/hive_route_planner' returned '0': CMAKE_PREFIX_PATH=/home/thomas24/hive_ws2/install/hive_interface2:/home/thomas24/hive_ws2/install/nav2_bringup:/home/thomas24/hive_ws2/install/navigation2:/home/thomas24/hive_ws2/install/opennav_docking:/home/thomas24/hive_ws2/install/opennav_docking_core:/home/thomas24/hive_ws2/install/opennav_docking_bt:/home/thomas24/hive_ws2/install/nav2_dwb_controller:/home/thomas24/hive_ws2/install/dwb_plugins:/home/thomas24/hive_ws2/install/dwb_critics:/home/thomas24/hive_ws2/install/dwb_core:/home/thomas24/hive_ws2/install/nav_2d_utils:/home/thomas24/hive_ws2/install/dwb_msgs:/home/thomas24/hive_ws2/install/nav_2d_msgs:/home/thomas24/hive_ws2/install/nav2_waypoint_follower:/home/thomas24/hive_ws2/install/nav2_theta_star_planner:/home/thomas24/hive_ws2/install/nav2_smoother:/home/thomas24/hive_ws2/install/nav2_smac_planner:/home/thomas24/hive_ws2/install/nav2_rviz_plugins:/home/thomas24/hive_ws2/install/nav2_route:/home/thomas24/hive_ws2/install/nav2_rotation_shim_controller:/home/thomas24/hive_ws2/install/nav2_regulated_pure_pursuit_controller:/home/thomas24/hive_ws2/install/nav2_planner:/home/thomas24/hive_ws2/install/nav2_navfn_planner:/home/thomas24/hive_ws2/install/nav2_mppi_controller:/home/thomas24/hive_ws2/install/nav2_graceful_controller:/home/thomas24/hive_ws2/install/nav2_controller:/home/thomas24/hive_ws2/install/nav2_constrained_smoother:/home/thomas24/hive_ws2/install/nav2_bt_navigator:/home/thomas24/hive_ws2/install/nav2_behaviors:/home/thomas24/hive_ws2/install/nav2_core:/home/thomas24/hive_ws2/install/nav2_collision_monitor:/home/thomas24/hive_ws2/install/hive_costmap:/home/thomas24/hive_ws2/install/costmap_queue:/home/thomas24/hive_ws2/install/nav2_costmap_2d:/home/thomas24/hive_ws2/install/nav2_voxel_grid:/home/thomas24/hive_ws2/install/nav2_velocity_smoother:/home/thomas24/hive_ws2/install/nav2_map_server:/home/thomas24/hive_ws2/install/nav2_lifecycle_manager:/home/thomas24/hive_ws2/install/nav2_behavior_tree:/home/thomas24/hive_ws2/install/nav2_amcl:/home/thomas24/hive_ws2/install/nav2_util:/home/thomas24/hive_ws2/install/nav2_system_tests:/home/thomas24/hive_ws2/install/nav2_ros_common:/home/thomas24/hive_ws2/install/nav2_msgs:/home/thomas24/hive_ws2/install/nav2_common:/home/thomas24/hive_ws2/install/hive_route_planner:/home/thomas24/hive_ws2/install/dev_route_provider:/home/thomas24/hiveverse_ws/install/hive_simulation:/home/thomas24/hiveverse_ws/install/hive_robot_description:/opt/ros/jazzy/opt/gz_sim_vendor:/opt/ros/jazzy/opt/gz_sensors_vendor:/opt/ros/jazzy/opt/gz_physics_vendor:/opt/ros/jazzy/opt/sdformat_vendor:/opt/ros/jazzy/opt/gz_gui_vendor:/opt/ros/jazzy/opt/gz_transport_vendor:/opt/ros/jazzy/opt/gz_rendering_vendor:/opt/ros/jazzy/opt/gz_plugin_vendor:/opt/ros/jazzy/opt/gz_fuel_tools_vendor:/opt/ros/jazzy/opt/gz_msgs_vendor:/opt/ros/jazzy/opt/gz_common_vendor:/opt/ros/jazzy/opt/gz_math_vendor:/opt/ros/jazzy/opt/gz_utils_vendor:/opt/ros/jazzy/opt/gz_tools_vendor:/opt/ros/jazzy/opt/gz_ogre_next_vendor:/opt/ros/jazzy/opt/gz_dartsim_vendor:/opt/ros/jazzy/opt/gz_cmake_vendor DEBUGINFOD_URLS=https://debuginfod.ubuntu.com LD_LIBRARY_PATH=/home/thomas24/hive_ws2/install/hive_interface2/lib:/home/thomas24/hive_ws2/install/opennav_docking/lib:/home/thomas24/hive_ws2/install/opennav_docking_bt/lib:/home/thomas24/hive_ws2/install/dwb_plugins/lib:/home/thomas24/hive_ws2/install/dwb_critics/lib:/home/thomas24/hive_ws2/install/dwb_core/lib:/home/thomas24/hive_ws2/install/nav_2d_utils/lib:/home/thomas24/hive_ws2/install/dwb_msgs/lib:/home/thomas24/hive_ws2/install/nav_2d_msgs/lib:/home/thomas24/hive_ws2/install/nav2_waypoint_follower/lib:/home/thomas24/hive_ws2/install/nav2_theta_star_planner/lib:/home/thomas24/hive_ws2/install/nav2_smoother/lib:/home/thomas24/hive_ws2/install/nav2_smac_planner/lib:/home/thomas24/hive_ws2/install/nav2_rviz_plugins/lib:/home/thomas24/hive_ws2/install/nav2_route/lib:/home/thomas24/hive_ws2/install/nav2_rotation_shim_controller/lib:/home/thomas24/hive_ws2/install/nav2_regulated_pure_pursuit_controller/lib:/home/thomas24/hive_ws2/install/nav2_planner/lib:/home/thomas24/hive_ws2/install/nav2_navfn_planner/lib:/home/thomas24/hive_ws2/install/nav2_mppi_controller/lib:/home/thomas24/hive_ws2/install/nav2_graceful_controller/lib:/home/thomas24/hive_ws2/install/nav2_controller/lib:/home/thomas24/hive_ws2/install/nav2_constrained_smoother/lib:/home/thomas24/hive_ws2/install/nav2_bt_navigator/lib:/home/thomas24/hive_ws2/install/nav2_behaviors/lib:/home/thomas24/hive_ws2/install/nav2_collision_monitor/lib:/home/thomas24/hive_ws2/install/hive_costmap/lib:/home/thomas24/hive_ws2/install/costmap_queue/lib:/home/thomas24/hive_ws2/install/nav2_costmap_2d/lib:/home/thomas24/hive_ws2/install/nav2_voxel_grid/lib:/home/thomas24/hive_ws2/install/nav2_velocity_smoother/lib:/home/thomas24/hive_ws2/install/nav2_map_server/lib:/home/thomas24/hive_ws2/install/nav2_lifecycle_manager/lib:/home/thomas24/hive_ws2/install/nav2_behavior_tree/lib:/home/thomas24/hive_ws2/install/nav2_amcl/lib:/home/thomas24/hive_ws2/install/nav2_util/lib:/home/thomas24/hive_ws2/install/nav2_system_tests/lib:/home/thomas24/hive_ws2/install/nav2_msgs/lib:/opt/ros/jazzy/opt/gz_sim_vendor/lib:/opt/ros/jazzy/opt/gz_sensors_vendor/lib:/opt/ros/jazzy/opt/gz_physics_vendor/lib:/opt/ros/jazzy/opt/sdformat_vendor/lib:/opt/ros/jazzy/opt/rviz_ogre_vendor/lib:/opt/ros/jazzy/lib/x86_64-linux-gnu:/opt/ros/jazzy/opt/gz_gui_vendor/lib:/opt/ros/jazzy/opt/gz_transport_vendor/lib:/opt/ros/jazzy/opt/gz_rendering_vendor/lib:/opt/ros/jazzy/opt/gz_plugin_vendor/lib:/opt/ros/jazzy/opt/gz_fuel_tools_vendor/lib:/opt/ros/jazzy/opt/gz_msgs_vendor/lib:/opt/ros/jazzy/opt/gz_common_vendor/lib:/opt/ros/jazzy/opt/gz_math_vendor/lib:/opt/ros/jazzy/opt/gz_utils_vendor/lib:/opt/ros/jazzy/opt/gz_tools_vendor/lib:/opt/ros/jazzy/opt/gz_ogre_next_vendor/lib:/opt/ros/jazzy/opt/gz_dartsim_vendor/lib:/opt/ros/jazzy/opt/gz_cmake_vendor/lib:/opt/ros/jazzy/lib PYTHONPATH=/home/thomas24/hive_ws2/install/hive_interface2/lib/python3.12/site-packages:/home/thomas24/hive_ws2/install/vanilla_brain_nav2/lib/python3.12/site-packages:/home/thomas24/hive_ws2/install/dwb_msgs/lib/python3.12/site-packages:/home/thomas24/hive_ws2/install/nav_2d_msgs/lib/python3.12/site-packages:/home/thomas24/hive_ws2/install/nav2_loopback_sim/lib/python3.12/site-packages:/home/thomas24/hive_ws2/install/nav2_simple_commander/lib/python3.12/site-packages:/home/thomas24/hive_ws2/install/nav2_msgs/lib/python3.12/site-packages:/home/thomas24/hive_ws2/install/nav2_common/lib/python3.12/site-packages:/home/thomas24/hiveverse_ws/install/hive_tools/lib/python3.12/site-packages:/home/thomas24/hiveverse_ws/install/hive_bringup/lib/python3.12/site-packages:/opt/ros/jazzy/lib/python3.12/site-packages /usr/bin/cmake /home/thomas24/hive_ws2/src/hive_route_planner -DCATKIN_INSTALL_INTO_PREFIX_ROOT=0 -DCMAKE_INSTALL_PREFIX=/home/thomas24/hive_ws2/install/hive_route_planner
[1.601s] Invoking command in '/home/thomas24/hive_ws2/build/hive_route_planner': CMAKE_PREFIX_PATH=/home/thomas24/hive_ws2/install/hive_interface2:/home/thomas24/hive_ws2/install/nav2_bringup:/home/thomas24/hive_ws2/install/navigation2:/home/thomas24/hive_ws2/install/opennav_docking:/home/thomas24/hive_ws2/install/opennav_docking_core:/home/thomas24/hive_ws2/install/opennav_docking_bt:/home/thomas24/hive_ws2/install/nav2_dwb_controller:/home/thomas24/hive_ws2/install/dwb_plugins:/home/thomas24/hive_ws2/install/dwb_critics:/home/thomas24/hive_ws2/install/dwb_core:/home/thomas24/hive_ws2/install/nav_2d_utils:/home/thomas24/hive_ws2/install/dwb_msgs:/home/thomas24/hive_ws2/install/nav_2d_msgs:/home/thomas24/hive_ws2/install/nav2_waypoint_follower:/home/thomas24/hive_ws2/install/nav2_theta_star_planner:/home/thomas24/hive_ws2/install/nav2_smoother:/home/thomas24/hive_ws2/install/nav2_smac_planner:/home/thomas24/hive_ws2/install/nav2_rviz_plugins:/home/thomas24/hive_ws2/install/nav2_route:/home/thomas24/hive_ws2/install/nav2_rotation_shim_controller:/home/thomas24/hive_ws2/install/nav2_regulated_pure_pursuit_controller:/home/thomas24/hive_ws2/install/nav2_planner:/home/thomas24/hive_ws2/install/nav2_navfn_planner:/home/thomas24/hive_ws2/install/nav2_mppi_controller:/home/thomas24/hive_ws2/install/nav2_graceful_controller:/home/thomas24/hive_ws2/install/nav2_controller:/home/thomas24/hive_ws2/install/nav2_constrained_smoother:/home/thomas24/hive_ws2/install/nav2_bt_navigator:/home/thomas24/hive_ws2/install/nav2_behaviors:/home/thomas24/hive_ws2/install/nav2_core:/home/thomas24/hive_ws2/install/nav2_collision_monitor:/home/thomas24/hive_ws2/install/hive_costmap:/home/thomas24/hive_ws2/install/costmap_queue:/home/thomas24/hive_ws2/install/nav2_costmap_2d:/home/thomas24/hive_ws2/install/nav2_voxel_grid:/home/thomas24/hive_ws2/install/nav2_velocity_smoother:/home/thomas24/hive_ws2/install/nav2_map_server:/home/thomas24/hive_ws2/install/nav2_lifecycle_manager:/home/thomas24/hive_ws2/install/nav2_behavior_tree:/home/thomas24/hive_ws2/install/nav2_amcl:/home/thomas24/hive_ws2/install/nav2_util:/home/thomas24/hive_ws2/install/nav2_system_tests:/home/thomas24/hive_ws2/install/nav2_ros_common:/home/thomas24/hive_ws2/install/nav2_msgs:/home/thomas24/hive_ws2/install/nav2_common:/home/thomas24/hive_ws2/install/hive_route_planner:/home/thomas24/hive_ws2/install/dev_route_provider:/home/thomas24/hiveverse_ws/install/hive_simulation:/home/thomas24/hiveverse_ws/install/hive_robot_description:/opt/ros/jazzy/opt/gz_sim_vendor:/opt/ros/jazzy/opt/gz_sensors_vendor:/opt/ros/jazzy/opt/gz_physics_vendor:/opt/ros/jazzy/opt/sdformat_vendor:/opt/ros/jazzy/opt/gz_gui_vendor:/opt/ros/jazzy/opt/gz_transport_vendor:/opt/ros/jazzy/opt/gz_rendering_vendor:/opt/ros/jazzy/opt/gz_plugin_vendor:/opt/ros/jazzy/opt/gz_fuel_tools_vendor:/opt/ros/jazzy/opt/gz_msgs_vendor:/opt/ros/jazzy/opt/gz_common_vendor:/opt/ros/jazzy/opt/gz_math_vendor:/opt/ros/jazzy/opt/gz_utils_vendor:/opt/ros/jazzy/opt/gz_tools_vendor:/opt/ros/jazzy/opt/gz_ogre_next_vendor:/opt/ros/jazzy/opt/gz_dartsim_vendor:/opt/ros/jazzy/opt/gz_cmake_vendor DEBUGINFOD_URLS=https://debuginfod.ubuntu.com LD_LIBRARY_PATH=/home/thomas24/hive_ws2/install/hive_interface2/lib:/home/thomas24/hive_ws2/install/opennav_docking/lib:/home/thomas24/hive_ws2/install/opennav_docking_bt/lib:/home/thomas24/hive_ws2/install/dwb_plugins/lib:/home/thomas24/hive_ws2/install/dwb_critics/lib:/home/thomas24/hive_ws2/install/dwb_core/lib:/home/thomas24/hive_ws2/install/nav_2d_utils/lib:/home/thomas24/hive_ws2/install/dwb_msgs/lib:/home/thomas24/hive_ws2/install/nav_2d_msgs/lib:/home/thomas24/hive_ws2/install/nav2_waypoint_follower/lib:/home/thomas24/hive_ws2/install/nav2_theta_star_planner/lib:/home/thomas24/hive_ws2/install/nav2_smoother/lib:/home/thomas24/hive_ws2/install/nav2_smac_planner/lib:/home/thomas24/hive_ws2/install/nav2_rviz_plugins/lib:/home/thomas24/hive_ws2/install/nav2_route/lib:/home/thomas24/hive_ws2/install/nav2_rotation_shim_controller/lib:/home/thomas24/hive_ws2/install/nav2_regulated_pure_pursuit_controller/lib:/home/thomas24/hive_ws2/install/nav2_planner/lib:/home/thomas24/hive_ws2/install/nav2_navfn_planner/lib:/home/thomas24/hive_ws2/install/nav2_mppi_controller/lib:/home/thomas24/hive_ws2/install/nav2_graceful_controller/lib:/home/thomas24/hive_ws2/install/nav2_controller/lib:/home/thomas24/hive_ws2/install/nav2_constrained_smoother/lib:/home/thomas24/hive_ws2/install/nav2_bt_navigator/lib:/home/thomas24/hive_ws2/install/nav2_behaviors/lib:/home/thomas24/hive_ws2/install/nav2_collision_monitor/lib:/home/thomas24/hive_ws2/install/hive_costmap/lib:/home/thomas24/hive_ws2/install/costmap_queue/lib:/home/thomas24/hive_ws2/install/nav2_costmap_2d/lib:/home/thomas24/hive_ws2/install/nav2_voxel_grid/lib:/home/thomas24/hive_ws2/install/nav2_velocity_smoother/lib:/home/thomas24/hive_ws2/install/nav2_map_server/lib:/home/thomas24/hive_ws2/install/nav2_lifecycle_manager/lib:/home/thomas24/hive_ws2/install/nav2_behavior_tree/lib:/home/thomas24/hive_ws2/install/nav2_amcl/lib:/home/thomas24/hive_ws2/install/nav2_util/lib:/home/thomas24/hive_ws2/install/nav2_system_tests/lib:/home/thomas24/hive_ws2/install/nav2_msgs/lib:/opt/ros/jazzy/opt/gz_sim_vendor/lib:/opt/ros/jazzy/opt/gz_sensors_vendor/lib:/opt/ros/jazzy/opt/gz_physics_vendor/lib:/opt/ros/jazzy/opt/sdformat_vendor/lib:/opt/ros/jazzy/opt/rviz_ogre_vendor/lib:/opt/ros/jazzy/lib/x86_64-linux-gnu:/opt/ros/jazzy/opt/gz_gui_vendor/lib:/opt/ros/jazzy/opt/gz_transport_vendor/lib:/opt/ros/jazzy/opt/gz_rendering_vendor/lib:/opt/ros/jazzy/opt/gz_plugin_vendor/lib:/opt/ros/jazzy/opt/gz_fuel_tools_vendor/lib:/opt/ros/jazzy/opt/gz_msgs_vendor/lib:/opt/ros/jazzy/opt/gz_common_vendor/lib:/opt/ros/jazzy/opt/gz_math_vendor/lib:/opt/ros/jazzy/opt/gz_utils_vendor/lib:/opt/ros/jazzy/opt/gz_tools_vendor/lib:/opt/ros/jazzy/opt/gz_ogre_next_vendor/lib:/opt/ros/jazzy/opt/gz_dartsim_vendor/lib:/opt/ros/jazzy/opt/gz_cmake_vendor/lib:/opt/ros/jazzy/lib PYTHONPATH=/home/thomas24/hive_ws2/install/hive_interface2/lib/python3.12/site-packages:/home/thomas24/hive_ws2/install/vanilla_brain_nav2/lib/python3.12/site-packages:/home/thomas24/hive_ws2/install/dwb_msgs/lib/python3.12/site-packages:/home/thomas24/hive_ws2/install/nav_2d_msgs/lib/python3.12/site-packages:/home/thomas24/hive_ws2/install/nav2_loopback_sim/lib/python3.12/site-packages:/home/thomas24/hive_ws2/install/nav2_simple_commander/lib/python3.12/site-packages:/home/thomas24/hive_ws2/install/nav2_msgs/lib/python3.12/site-packages:/home/thomas24/hive_ws2/install/nav2_common/lib/python3.12/site-packages:/home/thomas24/hiveverse_ws/install/hive_tools/lib/python3.12/site-packages:/home/thomas24/hiveverse_ws/install/hive_bringup/lib/python3.12/site-packages:/opt/ros/jazzy/lib/python3.12/site-packages /usr/bin/cmake --build /home/thomas24/hive_ws2/build/hive_route_planner -- -j16 -l16
[1.679s] [ 66%] Built target astar_planner
[1.679s] [ 66%] Built target route_utils
[1.720s] [ 83%] [32mBuilding CXX object CMakeFiles/hive_route_planner_node.dir/src/hive_route_planner_node.cpp.o[0m
[3.615s] [01m[K/home/thomas24/hive_ws2/src/hive_route_planner/src/hive_route_planner_node.cpp:686:2:[m[K [01;31m[Kerror: [m[Kexpected â€˜[01m[K}[m[Kâ€™ at end of input
[3.615s]   686 | }
[3.615s]       |  [01;31m[K^[m[K
[3.615s] [01m[K/home/thomas24/hive_ws2/src/hive_route_planner/src/hive_route_planner_node.cpp:38:1:[m[K [01;36m[Knote: [m[Kto match this â€˜[01m[K{[m[Kâ€™
[3.615s]    38 | [01;36m[K{[m[K
[3.615s]       | [01;36m[K^[m[K
[3.622s] [01m[K/home/thomas24/hive_ws2/src/hive_route_planner/src/hive_route_planner_node.cpp:[m[K In constructor â€˜[01m[KHiveRoutePlannerNode::[01;32m[KHiveRoutePlannerNode[m[K()[m[Kâ€™:
[3.622s] [01m[K/home/thomas24/hive_ws2/src/hive_route_planner/src/hive_route_planner_node.cpp:44:5:[m[K [01;31m[Kerror: [m[Kâ€˜[01m[Krobot_namespace_[m[Kâ€™ was not declared in this scope; did you mean â€˜[01m[Ksub_namespace_[m[Kâ€™?
[3.622s]    44 |     [01;31m[Krobot_namespace_[m[K = this->declare_parameter<std::string>("robot_namespace", "robot1");
[3.623s]       |     [01;31m[K^~~~~~~~~~~~~~~~[m[K
[3.623s]       |     [32m[Ksub_namespace_[m[K
[3.631s] [01m[K/home/thomas24/hive_ws2/src/hive_route_planner/src/hive_route_planner_node.cpp:47:5:[m[K [01;31m[Kerror: [m[Kâ€˜[01m[Kenable_graph_viz_[m[Kâ€™ was not declared in this scope
[3.631s]    47 |     [01;31m[Kenable_graph_viz_[m[K = this->declare_parameter<bool>("enable_graph_viz", true);
[3.631s]       |     [01;31m[K^~~~~~~~~~~~~~~~~[m[K
[3.639s] [01m[K/home/thomas24/hive_ws2/src/hive_route_planner/src/hive_route_planner_node.cpp:48:5:[m[K [01;31m[Kerror: [m[Kâ€˜[01m[Kviz_frame_id_[m[Kâ€™ was not declared in this scope
[3.639s]    48 |     [01;31m[Kviz_frame_id_[m[K     = this->declare_parameter<std::string>("viz_frame_id", "map");
[3.639s]       |     [01;31m[K^~~~~~~~~~~~~[m[K
[3.644s] [01m[K/home/thomas24/hive_ws2/src/hive_route_planner/src/hive_route_planner_node.cpp:49:5:[m[K [01;31m[Kerror: [m[Kâ€˜[01m[Kviz_ns_[m[Kâ€™ was not declared in this scope
[3.644s]    49 |     [01;31m[Kviz_ns_[m[K           = this->declare_parameter<std::string>("viz_ns", "route_graph");
[3.644s]       |     [01;31m[K^~~~~~~[m[K
[3.648s] [01m[K/home/thomas24/hive_ws2/src/hive_route_planner/src/hive_route_planner_node.cpp:50:5:[m[K [01;31m[Kerror: [m[Kâ€˜[01m[Kviz_topic_[m[Kâ€™ was not declared in this scope
[3.648s]    50 |     [01;31m[Kviz_topic_[m[K        = this->declare_parameter<std::string>("viz_topic", "route_graph_markers");
[3.649s]       |     [01;31m[K^~~~~~~~~~[m[K
[3.655s] [01m[K/home/thomas24/hive_ws2/src/hive_route_planner/src/hive_route_planner_node.cpp:51:5:[m[K [01;31m[Kerror: [m[Kâ€˜[01m[Kviz_line_width_[m[Kâ€™ was not declared in this scope
[3.656s]    51 |     [01;31m[Kviz_line_width_[m[K   = this->declare_parameter<double>("viz_line_width", 0.10);
[3.656s]       |     [01;31m[K^~~~~~~~~~~~~~~[m[K
[3.663s] [01m[K/home/thomas24/hive_ws2/src/hive_route_planner/src/hive_route_planner_node.cpp:52:5:[m[K [01;31m[Kerror: [m[Kâ€˜[01m[Kviz_point_scale_[m[Kâ€™ was not declared in this scope
[3.663s]    52 |     [01;31m[Kviz_point_scale_[m[K  = this->declare_parameter<double>("viz_point_scale", 0.15);
[3.663s]       |     [01;31m[K^~~~~~~~~~~~~~~~[m[K
[3.673s] [01m[K/home/thomas24/hive_ws2/src/hive_route_planner/src/hive_route_planner_node.cpp:55:5:[m[K [01;31m[Kerror: [m[Kâ€˜[01m[Kenable_route_plan_viz_[m[Kâ€™ was not declared in this scope
[3.673s]    55 |     [01;31m[Kenable_route_plan_viz_[m[K = this->declare_parameter<bool>("enable_route_plan_viz", true);
[3.673s]       |     [01;31m[K^~~~~~~~~~~~~~~~~~~~~~[m[K
[3.680s] [01m[K/home/thomas24/hive_ws2/src/hive_route_planner/src/hive_route_planner_node.cpp:58:5:[m[K [01;31m[Kerror: [m[Kâ€˜[01m[Kepsilon_merge_m_[m[Kâ€™ was not declared in this scope
[3.681s]    58 |     [01;31m[Kepsilon_merge_m_[m[K               = this->declare_parameter<double>("epsilon_merge_m", 0.001);
[3.681s]       |     [01;31m[K^~~~~~~~~~~~~~~~[m[K
[3.691s] [01m[K/home/thomas24/hive_ws2/src/hive_route_planner/src/hive_route_planner_node.cpp:59:5:[m[K [01;31m[Kerror: [m[Kâ€˜[01m[Kepsilon_endpoint_frac_[m[Kâ€™ was not declared in this scope
[3.691s]    59 |     [01;31m[Kepsilon_endpoint_frac_[m[K         = this->declare_parameter<double>("epsilon_endpoint_frac", 1e-3);
[3.691s]       |     [01;31m[K^~~~~~~~~~~~~~~~~~~~~~[m[K
[3.699s] [01m[K/home/thomas24/hive_ws2/src/hive_route_planner/src/hive_route_planner_node.cpp:60:5:[m[K [01;31m[Kerror: [m[Kâ€˜[01m[Kfallback_speed_mps_[m[Kâ€™ was not declared in this scope
[3.699s]    60 |     [01;31m[Kfallback_speed_mps_[m[K            = this->declare_parameter<double>("fallback_speed_mps", 1.0);
[3.699s]       |     [01;31m[K^~~~~~~~~~~~~~~~~~~[m[K
[3.708s] [01m[K/home/thomas24/hive_ws2/src/hive_route_planner/src/hive_route_planner_node.cpp:61:5:[m[K [01;31m[Kerror: [m[Kâ€˜[01m[Kdirect_link_threshold_m_[m[Kâ€™ was not declared in this scope
[3.708s]    61 |     [01;31m[Kdirect_link_threshold_m_[m[K       = this->declare_parameter<double>("direct_link_threshold_m", 10.0);
[3.709s]       |     [01;31m[K^~~~~~~~~~~~~~~~~~~~~~~~[m[K
[3.723s] [01m[K/home/thomas24/hive_ws2/src/hive_route_planner/src/hive_route_planner_node.cpp:62:5:[m[K [01;31m[Kerror: [m[Kâ€˜[01m[Kdirect_link_nominal_speed_mps_[m[Kâ€™ was not declared in this scope
[3.724s]    62 |     [01;31m[Kdirect_link_nominal_speed_mps_[m[K = this->declare_parameter<double>("direct_link_nominal_speed_mps", 1.5);
[3.724s]       |     [01;31m[K^~~~~~~~~~~~~~~~~~~~~~~~~~~~~~[m[K
[3.731s] [01m[K/home/thomas24/hive_ws2/src/hive_route_planner/src/hive_route_planner_node.cpp:64:5:[m[K [01;31m[Kerror: [m[Kâ€˜[01m[Ktopic_name_[m[Kâ€™ was not declared in this scope
[3.731s]    64 |     [01;31m[Ktopic_name_[m[K     = "/" + robot_namespace_ + "/route_data";
[3.731s]       |     [01;31m[K^~~~~~~~~~~[m[K
[3.738s] [01m[K/home/thomas24/hive_ws2/src/hive_route_planner/src/hive_route_planner_node.cpp:65:5:[m[K [01;31m[Kerror: [m[Kâ€˜[01m[Kservice_name_[m[Kâ€™ was not declared in this scope
[3.738s]    65 |     [01;31m[Kservice_name_[m[K   = "/" + robot_namespace_ + "/get_route_data";
[3.738s]       |     [01;31m[K^~~~~~~~~~~~~[m[K
[3.746s] [01m[K/home/thomas24/hive_ws2/src/hive_route_planner/src/hive_route_planner_node.cpp:66:5:[m[K [01;31m[Kerror: [m[Kâ€˜[01m[Kviz_full_topic_[m[Kâ€™ was not declared in this scope
[3.746s]    66 |     [01;31m[Kviz_full_topic_[m[K = "/" + robot_namespace_ + "/" + viz_topic_;
[3.746s]       |     [01;31m[K^~~~~~~~~~~~~~~[m[K
[3.752s] [01m[K/home/thomas24/hive_ws2/src/hive_route_planner/src/hive_route_planner_node.cpp:69:5:[m[K [01;31m[Kerror: [m[Kâ€˜[01m[Ksub_[m[Kâ€™ was not declared in this scope
[3.752s]    69 |     [01;31m[Ksub_[m[K = this->create_subscription<hive_interface2::msg::LaneletMini2Array>(
[3.752s]       |     [01;31m[K^~~~[m[K
[3.762s] [01m[K/home/thomas24/hive_ws2/src/hive_route_planner/src/hive_route_planner_node.cpp:73:5:[m[K [01;31m[Kerror: [m[Kâ€˜[01m[Kclient_[m[Kâ€™ was not declared in this scope
[3.762s]    73 |     [01;31m[Kclient_[m[K = this->create_client<std_srvs::srv::Trigger>(service_name_);
[3.762s]       |     [01;31m[K^~~~~~~[m[K
[3.768s] [01m[K/home/thomas24/hive_ws2/src/hive_route_planner/src/hive_route_planner_node.cpp:77:7:[m[K [01;31m[Kerror: [m[Kâ€˜[01m[Kviz_pub_[m[Kâ€™ was not declared in this scope
[3.768s]    77 |       [01;31m[Kviz_pub_[m[K = this->create_publisher<visualization_msgs::msg::MarkerArray>(
[3.768s]       |       [01;31m[K^~~~~~~~[m[K
[3.776s] [01m[K/home/thomas24/hive_ws2/src/hive_route_planner/src/hive_route_planner_node.cpp:86:9:[m[K [01;31m[Kerror: [m[Kâ€˜[01m[Kroute_plan_pub_[m[Kâ€™ was not declared in this scope
[3.777s]    86 |         [01;31m[Kroute_plan_pub_[m[K[i] = this->create_publisher<visualization_msgs::msg::MarkerArray>(
[3.777s]       |         [01;31m[K^~~~~~~~~~~~~~~[m[K
[3.790s] [01m[K/home/thomas24/hive_ws2/src/hive_route_planner/src/hive_route_planner_node.cpp:94:5:[m[K [01;31m[Kerror: [m[Kâ€˜[01m[Kcompute_route_srv_[m[Kâ€™ was not declared in this scope
[3.790s]    94 |     [01;31m[Kcompute_route_srv_[m[K = this->create_service<hive_interface2::srv::ComputeRoute>(
[3.790s]       |     [01;31m[K^~~~~~~~~~~~~~~~~~[m[K
[3.803s] [01m[K/home/thomas24/hive_ws2/src/hive_route_planner/src/hive_route_planner_node.cpp:100:5:[m[K [01;31m[Kerror: [m[Kâ€˜[01m[Kstartup_timer_[m[Kâ€™ was not declared in this scope
[3.803s]   100 |     [01;31m[Kstartup_timer_[m[K = this->create_wall_timer(2s, [this]() {
[3.803s]       |     [01;31m[K^~~~~~~~~~~~~~[m[K
[3.803s] [01m[K/home/thomas24/hive_ws2/src/hive_route_planner/src/hive_route_planner_node.cpp:[m[K In lambda function:
[3.803s] [01m[K/home/thomas24/hive_ws2/src/hive_route_planner/src/hive_route_planner_node.cpp:101:11:[m[K [01;31m[Kerror: [m[Kâ€˜[01m[Kstartup_timer_[m[Kâ€™ is not captured
[3.803s]   101 |       if ([01;31m[Kstartup_timer_[m[K) startup_timer_->cancel();
[3.803s]       |           [01;31m[K^~~~~~~~~~~~~~[m[K
[3.804s] [01m[K/home/thomas24/hive_ws2/src/hive_route_planner/src/hive_route_planner_node.cpp:100:55:[m[K [01;36m[Knote: [m[Kthe lambda has no capture-default
[3.804s]   100 |     startup_timer_ = this->create_wall_timer(2s, [this[01;36m[K][m[K() {
[3.804s]       |                                                       [01;36m[K^[m[K
[3.804s] [01m[K/home/thomas24/hive_ws2/src/hive_route_planner/src/hive_route_planner_node.cpp:100:5:[m[K [01;36m[Knote: [m[Kâ€˜[01m[K<typeprefixerror>startup_timer_[m[Kâ€™ declared here
[3.804s]   100 |     [01;36m[Kstartup_timer_[m[K = this->create_wall_timer(2s, [this]() {
[3.804s]       |     [01;36m[K^~~~~~~~~~~~~~[m[K
[3.804s] [01m[K/home/thomas24/hive_ws2/src/hive_route_planner/src/hive_route_planner_node.cpp:101:27:[m[K [01;31m[Kerror: [m[Kâ€˜[01m[Kstartup_timer_[m[Kâ€™ is not captured
[3.804s]   101 |       if (startup_timer_) [01;31m[Kstartup_timer_[m[K->cancel();
[3.804s]       |                           [01;31m[K^~~~~~~~~~~~~~[m[K
[3.804s] [01m[K/home/thomas24/hive_ws2/src/hive_route_planner/src/hive_route_planner_node.cpp:100:55:[m[K [01;36m[Knote: [m[Kthe lambda has no capture-default
[3.804s]   100 |     startup_timer_ = this->create_wall_timer(2s, [this[01;36m[K][m[K() {
[3.804s]       |                                                       [01;36m[K^[m[K
[3.804s] [01m[K/home/thomas24/hive_ws2/src/hive_route_planner/src/hive_route_planner_node.cpp:100:5:[m[K [01;36m[Knote: [m[Kâ€˜[01m[K<typeprefixerror>startup_timer_[m[Kâ€™ declared here
[3.804s]   100 |     [01;36m[Kstartup_timer_[m[K = this->create_wall_timer(2s, [this]() {
[3.804s]       |     [01;36m[K^~~~~~~~~~~~~~[m[K
[3.811s] [01m[K/home/thomas24/hive_ws2/src/hive_route_planner/src/hive_route_planner_node.cpp:103:7:[m[K [01;31m[Kerror: [m[Kâ€˜[01m[Kperiodic_timer_[m[Kâ€™ was not declared in this scope
[3.811s]   103 |       [01;31m[Kperiodic_timer_[m[K = this->create_wall_timer(
[3.811s]       |       [01;31m[K^~~~~~~~~~~~~~~[m[K
[3.829s] [01m[K/home/thomas24/hive_ws2/src/hive_route_planner/src/hive_route_planner_node.cpp:[m[K In member function â€˜[01m[Kvoid HiveRoutePlannerNode::[01;32m[KconfigStateTick[m[K()[m[Kâ€™:
[3.830s] [01m[K/home/thomas24/hive_ws2/src/hive_route_planner/src/hive_route_planner_node.cpp:115:9:[m[K [01;31m[Kerror: [m[Kâ€˜[01m[Kdata_received_[m[Kâ€™ was not declared in this scope
[3.830s]   115 |     if ([01;31m[Kdata_received_[m[K) return;
[3.830s]       |         [01;31m[K^~~~~~~~~~~~~~[m[K
[3.835s] [01m[K/home/thomas24/hive_ws2/src/hive_route_planner/src/hive_route_planner_node.cpp:116:28:[m[K [01;31m[Kerror: [m[Kâ€˜[01m[Kclient_[m[Kâ€™ was not declared in this scope
[3.835s]   116 |     const bool available = [01;31m[Kclient_[m[K->wait_for_service(std::chrono::seconds(0));
[3.835s]       |                            [01;31m[K^~~~~~~[m[K
[3.845s] [01m[K/home/thomas24/hive_ws2/src/hive_route_planner/src/hive_route_planner_node.cpp:118:22:[m[K [01;31m[Kerror: [m[Kâ€˜[01m[Klast_service_available_[m[Kâ€™ was not declared in this scope
[3.845s]   118 |     if (available != [01;31m[Klast_service_available_[m[K) {
[3.845s]       |                      [01;31m[K^~~~~~~~~~~~~~~~~~~~~~~[m[K
[3.853s] In file included from [01m[K/opt/ros/jazzy/include/rclcpp/rclcpp/logging.hpp:24[m[K,
[3.853s]                  from [01m[K/opt/ros/jazzy/include/rclcpp/rclcpp/copy_all_parameter_values.hpp:27[m[K,
[3.853s]                  from [01m[K/opt/ros/jazzy/include/rclcpp/rclcpp/rclcpp.hpp:171[m[K,
[3.853s]                  from [01m[K/home/thomas24/hive_ws2/src/hive_route_planner/src/hive_route_planner_node.cpp:1[m[K:
[3.853s] [01m[K/home/thomas24/hive_ws2/src/hive_route_planner/src/hive_route_planner_node.cpp:121:51:[m[K [01;31m[Kerror: [m[Kâ€˜[01m[Kservice_name_[m[Kâ€™ was not declared in this scope
[3.853s]   121 |         GREEN, available ? "dispo" : "NON dispo", [01;31m[Kservice_name_[m[K.c_str(), RESET);
[3.853s]       |                                                   [01;31m[K^~~~~~~~~~~~~[m[K
[3.859s] [01m[K/home/thomas24/hive_ws2/src/hive_route_planner/src/hive_route_planner_node.cpp:124:51:[m[K [01;31m[Kerror: [m[Kâ€˜[01m[Kservice_name_[m[Kâ€™ was not declared in this scope
[3.859s]   124 |         GREEN, available ? "dispo" : "NON dispo", [01;31m[Kservice_name_[m[K.c_str(), RESET);
[3.859s]       |                                                   [01;31m[K^~~~~~~~~~~~~[m[K
[3.866s] [01m[K/home/thomas24/hive_ws2/src/hive_route_planner/src/hive_route_planner_node.cpp:127:23:[m[K [01;31m[Kerror: [m[Kâ€˜[01m[Ktrigger_sent_[m[Kâ€™ was not declared in this scope
[3.866s]   127 |     if (available && ![01;31m[Ktrigger_sent_[m[K && !trigger_inflight_) {
[3.866s]       |                       [01;31m[K^~~~~~~~~~~~~[m[K
[3.874s] [01m[K/home/thomas24/hive_ws2/src/hive_route_planner/src/hive_route_planner_node.cpp:127:41:[m[K [01;31m[Kerror: [m[Kâ€˜[01m[Ktrigger_inflight_[m[Kâ€™ was not declared in this scope
[3.875s]   127 |     if (available && !trigger_sent_ && ![01;31m[Ktrigger_inflight_[m[K) {
[3.875s]       |                                         [01;31m[K^~~~~~~~~~~~~~~~~[m[K
[3.886s] [01m[K/home/thomas24/hive_ws2/src/hive_route_planner/src/hive_route_planner_node.cpp:132:16:[m[K [01;31m[Kerror: [m[Kâ€˜[01m[Kservice_name_[m[Kâ€™ was not declared in this scope
[3.886s]   132 |         GREEN, [01;31m[Kservice_name_[m[K.c_str(), RESET);
[3.886s]       |                [01;31m[K^~~~~~~~~~~~~[m[K
[3.896s] [01m[K/home/thomas24/hive_ws2/src/hive_route_planner/src/hive_route_planner_node.cpp:[m[K In lambda function:
[3.897s] [01m[K/home/thomas24/hive_ws2/src/hive_route_planner/src/hive_route_planner_node.cpp:138:11:[m[K [01;31m[Kerror: [m[Kâ€˜[01m[Ktrigger_inflight_[m[Kâ€™ is not captured
[3.897s]   138 |           [01;31m[Ktrigger_inflight_[m[K = false;
[3.897s]       |           [01;31m[K^~~~~~~~~~~~~~~~~[m[K
[3.897s] [01m[K/home/thomas24/hive_ws2/src/hive_route_planner/src/hive_route_planner_node.cpp:136:14:[m[K [01;36m[Knote: [m[Kthe lambda has no capture-default
[3.897s]   136 |         [this[01;36m[K][m[K(rclcpp::Client<std_srvs::srv::Trigger>::SharedFuture fut)
[3.897s]       |              [01;36m[K^[m[K
[3.897s] [01m[K/home/thomas24/hive_ws2/src/hive_route_planner/src/hive_route_planner_node.cpp:127:41:[m[K [01;36m[Knote: [m[Kâ€˜[01m[K<typeprefixerror>trigger_inflight_[m[Kâ€™ declared here
[3.897s]   127 |     if (available && !trigger_sent_ && ![01;36m[Ktrigger_inflight_[m[K) {
[3.897s]       |                                         [01;36m[K^~~~~~~~~~~~~~~~~[m[K
[3.897s] [01m[K/home/thomas24/hive_ws2/src/hive_route_planner/src/hive_route_planner_node.cpp:144:15:[m[K [01;31m[Kerror: [m[Kâ€˜[01m[Ktrigger_sent_[m[Kâ€™ is not captured
[3.897s]   144 |               [01;31m[Ktrigger_sent_[m[K = true;
[3.897s]       |               [01;31m[K^~~~~~~~~~~~~[m[K
[3.898s] [01m[K/home/thomas24/hive_ws2/src/hive_route_planner/src/hive_route_planner_node.cpp:136:14:[m[K [01;36m[Knote: [m[Kthe lambda has no capture-default
[3.898s]   136 |         [this[01;36m[K][m[K(rclcpp::Client<std_srvs::srv::Trigger>::SharedFuture fut)
[3.898s]       |              [01;36m[K^[m[K
[3.898s] [01m[K/home/thomas24/hive_ws2/src/hive_route_planner/src/hive_route_planner_node.cpp:127:23:[m[K [01;36m[Knote: [m[Kâ€˜[01m[K<typeprefixerror>trigger_sent_[m[Kâ€™ declared here
[3.898s]   127 |     if (available && ![01;36m[Ktrigger_sent_[m[K && !trigger_inflight_) {
[3.898s]       |                       [01;36m[K^~~~~~~~~~~~~[m[K
[3.905s] [01m[K/home/thomas24/hive_ws2/src/hive_route_planner/src/hive_route_planner_node.cpp:[m[K In member function â€˜[01m[Kvoid HiveRoutePlannerNode::[01;32m[KrouteDataCallback[m[K(hive_interface2::msg::LaneletMini2Array_<std::allocator<void> >::SharedPtr)[m[Kâ€™:
[3.905s] [01m[K/home/thomas24/hive_ws2/src/hive_route_planner/src/hive_route_planner_node.cpp:158:5:[m[K [01;31m[Kerror: [m[Kâ€˜[01m[Kstore_[m[Kâ€™ was not declared in this scope
[3.905s]   158 |     [01;31m[Kstore_[m[K.setFromMsg(*msg);
[3.905s]       |     [01;31m[K^~~~~~[m[K
[3.915s] [01m[K/home/thomas24/hive_ws2/src/hive_route_planner/src/hive_route_planner_node.cpp:161:5:[m[K [01;31m[Kerror: [m[Kâ€˜[01m[Kdata_received_[m[Kâ€™ was not declared in this scope
[3.915s]   161 |     [01;31m[Kdata_received_[m[K = true;
[3.915s]       |     [01;31m[K^~~~~~~~~~~~~~[m[K
[3.926s] [01m[K/home/thomas24/hive_ws2/src/hive_route_planner/src/hive_route_planner_node.cpp:180:9:[m[K [01;31m[Kerror: [m[Kâ€˜[01m[Kenable_graph_viz_[m[Kâ€™ was not declared in this scope
[3.927s]   180 |     if ([01;31m[Kenable_graph_viz_[m[K && viz_pub_) {
[3.927s]       |         [01;31m[K^~~~~~~~~~~~~~~~~[m[K
[3.933s] [01m[K/home/thomas24/hive_ws2/src/hive_route_planner/src/hive_route_planner_node.cpp:180:30:[m[K [01;31m[Kerror: [m[Kâ€˜[01m[Kviz_pub_[m[Kâ€™ was not declared in this scope
[3.933s]   180 |     if (enable_graph_viz_ && [01;31m[Kviz_pub_[m[K) {
[3.933s]       |                              [01;31m[K^~~~~~~~[m[K
[3.941s] [01m[K/home/thomas24/hive_ws2/src/hive_route_planner/src/hive_route_planner_node.cpp:184:27:[m[K [01;31m[Kerror: [m[Kâ€˜[01m[Kviz_frame_id_[m[Kâ€™ was not declared in this scope
[3.941s]   184 |       m.header.frame_id = [01;31m[Kviz_frame_id_[m[K;
[3.941s]       |                           [01;31m[K^~~~~~~~~~~~~[m[K
[3.947s] [01m[K/home/thomas24/hive_ws2/src/hive_route_planner/src/hive_route_planner_node.cpp:191:26:[m[K [01;31m[Kerror: [m[Kâ€˜[01m[Kviz_ns_[m[Kâ€™ was not declared in this scope
[3.947s]   191 |           viz_frame_id_, [01;31m[Kviz_ns_[m[K,
[3.947s]       |                          [01;31m[K^~~~~~~[m[K
[3.954s] [01m[K/home/thomas24/hive_ws2/src/hive_route_planner/src/hive_route_planner_node.cpp:192:30:[m[K [01;31m[Kerror: [m[Kâ€˜[01m[Kviz_line_width_[m[Kâ€™ was not declared in this scope
[3.954s]   192 |           static_cast<float>([01;31m[Kviz_line_width_[m[K), static_cast<float>(viz_point_scale_));
[3.954s]       |                              [01;31m[K^~~~~~~~~~~~~~~[m[K
[3.961s] [01m[K/home/thomas24/hive_ws2/src/hive_route_planner/src/hive_route_planner_node.cpp:192:67:[m[K [01;31m[Kerror: [m[Kâ€˜[01m[Kviz_point_scale_[m[Kâ€™ was not declared in this scope
[3.961s]   192 |           static_cast<float>(viz_line_width_), static_cast<float>([01;31m[Kviz_point_scale_[m[K));
[3.961s]       |                                                                   [01;31m[K^~~~~~~~~~~~~~~~[m[K
[3.968s] [01m[K/home/thomas24/hive_ws2/src/hive_route_planner/src/hive_route_planner_node.cpp:196:18:[m[K [01;31m[Kerror: [m[Kâ€˜[01m[Kviz_full_topic_[m[Kâ€™ was not declared in this scope
[3.968s]   196 |           GREEN, [01;31m[Kviz_full_topic_[m[K.c_str(), RESET);
[3.968s]       |                  [01;31m[K^~~~~~~~~~~~~~~[m[K
[3.977s] [01m[K/home/thomas24/hive_ws2/src/hive_route_planner/src/hive_route_planner_node.cpp:[m[K In member function â€˜[01m[Kvoid HiveRoutePlannerNode::[01;32m[KhandleComputeRoute[m[K(std::shared_ptr<hive_interface2::srv::ComputeRoute_Request_<std::allocator<void> > >, std::shared_ptr<hive_interface2::srv::ComputeRoute_Response_<std::allocator<void> > >)[m[Kâ€™:
[3.977s] [01m[K/home/thomas24/hive_ws2/src/hive_route_planner/src/hive_route_planner_node.cpp:205:9:[m[K [01;31m[Kerror: [m[Kâ€˜[01m[Kstore_[m[Kâ€™ was not declared in this scope
[3.977s]   205 |     if ([01;31m[Kstore_[m[K.data().empty()) {
[3.977s]       |         [01;31m[K^~~~~~[m[K
[3.986s] [01m[K/home/thomas24/hive_ws2/src/hive_route_planner/src/hive_route_planner_node.cpp:212:9:[m[K [01;31m[Kerror: [m[Kâ€˜[01m[Kenable_route_plan_viz_[m[Kâ€™ was not declared in this scope
[3.986s]   212 |     if ([01;31m[Kenable_route_plan_viz_[m[K) {
[3.986s]       |         [01;31m[K^~~~~~~~~~~~~~~~~~~~~~[m[K
[3.994s] [01m[K/home/thomas24/hive_ws2/src/hive_route_planner/src/hive_route_planner_node.cpp:218:13:[m[K [01;31m[Kerror: [m[Kâ€˜[01m[Kroute_plan_pub_[m[Kâ€™ was not declared in this scope
[3.994s]   218 |         if ([01;31m[Kroute_plan_pub_[m[K[i]) route_plan_pub_[i]->publish(clear);
[3.994s]       |             [01;31m[K^~~~~~~~~~~~~~~[m[K
[4.002s] [01m[K/home/thomas24/hive_ws2/src/hive_route_planner/src/hive_route_planner_node.cpp:228:25:[m[K [01;31m[Kerror: [m[Kâ€˜[01m[Kepsilon_merge_m_[m[Kâ€™ was not declared in this scope
[4.002s]   228 |     P.epsilon_merge_m = [01;31m[Kepsilon_merge_m_[m[K;
[4.002s]       |                         [01;31m[K^~~~~~~~~~~~~~~~[m[K
[4.012s] [01m[K/home/thomas24/hive_ws2/src/hive_route_planner/src/hive_route_planner_node.cpp:229:31:[m[K [01;31m[Kerror: [m[Kâ€˜[01m[Kepsilon_endpoint_frac_[m[Kâ€™ was not declared in this scope
[4.012s]   229 |     P.epsilon_endpoint_frac = [01;31m[Kepsilon_endpoint_frac_[m[K;
[4.012s]       |                               [01;31m[K^~~~~~~~~~~~~~~~~~~~~~[m[K
[4.021s] [01m[K/home/thomas24/hive_ws2/src/hive_route_planner/src/hive_route_planner_node.cpp:230:28:[m[K [01;31m[Kerror: [m[Kâ€˜[01m[Kfallback_speed_mps_[m[Kâ€™ was not declared in this scope
[4.021s]   230 |     P.fallback_speed_mps = [01;31m[Kfallback_speed_mps_[m[K;
[4.021s]       |                            [01;31m[K^~~~~~~~~~~~~~~~~~~[m[K
[4.030s] [01m[K/home/thomas24/hive_ws2/src/hive_route_planner/src/hive_route_planner_node.cpp:231:33:[m[K [01;31m[Kerror: [m[Kâ€˜[01m[Kdirect_link_threshold_m_[m[Kâ€™ was not declared in this scope
[4.030s]   231 |     P.direct_link_threshold_m = [01;31m[Kdirect_link_threshold_m_[m[K;
[4.030s]       |                                 [01;31m[K^~~~~~~~~~~~~~~~~~~~~~~~[m[K
[4.042s] [01m[K/home/thomas24/hive_ws2/src/hive_route_planner/src/hive_route_planner_node.cpp:232:39:[m[K [01;31m[Kerror: [m[Kâ€˜[01m[Kdirect_link_nominal_speed_mps_[m[Kâ€™ was not declared in this scope
[4.042s]   232 |     P.direct_link_nominal_speed_mps = [01;31m[Kdirect_link_nominal_speed_mps_[m[K;
[4.043s]       |                                       [01;31m[K^~~~~~~~~~~~~~~~~~~~~~~~~~~~~~[m[K
[4.048s] [01m[K/home/thomas24/hive_ws2/src/hive_route_planner/src/hive_route_planner_node.cpp:234:26:[m[K [01;31m[Kerror: [m[Kâ€˜[01m[Kstore_[m[Kâ€™ was not declared in this scope
[4.048s]   234 |     AStarPlanner planner([01;31m[Kstore_[m[K.data(), P);
[4.048s]       |                          [01;31m[K^~~~~~[m[K
[4.063s] [01m[K/home/thomas24/hive_ws2/src/hive_route_planner/src/hive_route_planner_node.cpp:262:19:[m[K [01;31m[Kerror: [m[Kâ€˜[01m[KmakeDirectLinkLanelet[m[Kâ€™ was not declared in this scope
[4.064s]   262 |         auto ll = [01;31m[KmakeDirectLinkLanelet[m[K(req->start_pose, req->goal_pose, inherit);
[4.064s]       |                   [01;31m[K^~~~~~~~~~~~~~~~~~~~~[m[K
[4.073s] [01m[K/home/thomas24/hive_ws2/src/hive_route_planner/src/hive_route_planner_node.cpp:269:21:[m[K [01;31m[Kerror: [m[Kâ€˜[01m[KmakeStartPartialLanelet[m[Kâ€™ was not declared in this scope
[4.073s]   269 |           auto ll = [01;31m[KmakeStartPartialLanelet[m[K(base, R.start_partial.px, R.start_partial.py, R.start_partial.side);
[4.073s]       |                     [01;31m[K^~~~~~~~~~~~~~~~~~~~~~~[m[K
[4.085s] [01m[K/home/thomas24/hive_ws2/src/hive_route_planner/src/hive_route_planner_node.cpp:281:21:[m[K [01;31m[Kerror: [m[Kâ€˜[01m[KmakeGoalPartialLanelet[m[Kâ€™ was not declared in this scope
[4.085s]   281 |           auto ll = [01;31m[KmakeGoalPartialLanelet[m[K(base, R.goal_partial.px, R.goal_partial.py, R.goal_partial.side);
[4.085s]       |                     [01;31m[K^~~~~~~~~~~~~~~~~~~~~~[m[K
[4.094s] [01m[K/home/thomas24/hive_ws2/src/hive_route_planner/src/hive_route_planner_node.cpp:289:9:[m[K [01;31m[Kerror: [m[Kâ€˜[01m[Kenable_route_plan_viz_[m[Kâ€™ was not declared in this scope
[4.094s]   289 |     if ([01;31m[Kenable_route_plan_viz_[m[K) {
[4.094s]       |         [01;31m[K^~~~~~~~~~~~~~~~~~~~~~[m[K
[4.106s] [01m[K/home/thomas24/hive_ws2/src/hive_route_planner/src/hive_route_planner_node.cpp:290:7:[m[K [01;31m[Kerror: [m[Kâ€˜[01m[KpublishRoutePlanMarkersMulti[m[Kâ€™ was not declared in this scope
[4.106s]   290 |       [01;31m[KpublishRoutePlanMarkersMulti[m[K(planner, {sx,sy}, {gx,gy}, R);
[4.106s]       |       [01;31m[K^~~~~~~~~~~~~~~~~~~~~~~~~~~~[m[K
[4.107s] [01m[K/home/thomas24/hive_ws2/src/hive_route_planner/src/hive_route_planner_node.cpp:310:3:[m[K [01;31m[Kerror: [m[Ka function-definition is not allowed here before â€˜[01m[K{[m[Kâ€™ token
[4.107s]   310 |   [01;31m[K{[m[K
[4.107s]       |   [01;31m[K^[m[K
[4.107s] [01m[K/home/thomas24/hive_ws2/src/hive_route_planner/src/hive_route_planner_node.cpp:367:3:[m[K [01;31m[Kerror: [m[Ka function-definition is not allowed here before â€˜[01m[K{[m[Kâ€™ token
[4.107s]   367 |   [01;31m[K{[m[K
[4.107s]       |   [01;31m[K^[m[K
[4.107s] [01m[K/home/thomas24/hive_ws2/src/hive_route_planner/src/hive_route_planner_node.cpp:501:3:[m[K [01;31m[Kerror: [m[Ka function-definition is not allowed here before â€˜[01m[K{[m[Kâ€™ token
[4.107s]   501 |   [01;31m[K{[m[K
[4.107s]       |   [01;31m[K^[m[K
[4.107s] [01m[K/home/thomas24/hive_ws2/src/hive_route_planner/src/hive_route_planner_node.cpp:549:3:[m[K [01;31m[Kerror: [m[Ka function-definition is not allowed here before â€˜[01m[K{[m[Kâ€™ token
[4.107s]   549 |   [01;31m[K{[m[K
[4.107s]       |   [01;31m[K^[m[K
[4.107s] [01m[K/home/thomas24/hive_ws2/src/hive_route_planner/src/hive_route_planner_node.cpp:574:3:[m[K [01;31m[Kerror: [m[Ka function-definition is not allowed here before â€˜[01m[K{[m[Kâ€™ token
[4.108s]   574 |   [01;31m[K{[m[K
[4.108s]       |   [01;31m[K^[m[K
[4.108s] [01m[K/home/thomas24/hive_ws2/src/hive_route_planner/src/hive_route_planner_node.cpp:594:3:[m[K [01;31m[Kerror: [m[Ka function-definition is not allowed here before â€˜[01m[K{[m[Kâ€™ token
[4.108s]   594 |   [01;31m[K{[m[K
[4.108s]       |   [01;31m[K^[m[K
[4.108s] [01m[K/home/thomas24/hive_ws2/src/hive_route_planner/src/hive_route_planner_node.cpp:637:1:[m[K [01;31m[Kerror: [m[Kexpected primary-expression before â€˜[01m[Kprivate[m[Kâ€™
[4.108s]   637 | [01;31m[Kprivate[m[K:
[4.108s]       | [01;31m[K^~~~~~~[m[K
[4.144s] [01m[K/home/thomas24/hive_ws2/src/hive_route_planner/src/hive_route_planner_node.cpp:[m[K At global scope:
[4.144s] [01m[K/home/thomas24/hive_ws2/src/hive_route_planner/src/hive_route_planner_node.cpp:686:2:[m[K [01;31m[Kerror: [m[Kexpected unqualified-id at end of input
[4.144s]   686 | }
[4.144s]       |  [01;31m[K^[m[K
[4.947s] gmake[2]: *** [CMakeFiles/hive_route_planner_node.dir/build.make:76: CMakeFiles/hive_route_planner_node.dir/src/hive_route_planner_node.cpp.o] Error 1
[4.947s] gmake[1]: *** [CMakeFiles/Makefile2:194: CMakeFiles/hive_route_planner_node.dir/all] Error 2
[4.947s] gmake: *** [Makefile:146: all] Error 2
[4.949s] Invoked command in '/home/thomas24/hive_ws2/build/hive_route_planner' returned '2': CMAKE_PREFIX_PATH=/home/thomas24/hive_ws2/install/hive_interface2:/home/thomas24/hive_ws2/install/nav2_bringup:/home/thomas24/hive_ws2/install/navigation2:/home/thomas24/hive_ws2/install/opennav_docking:/home/thomas24/hive_ws2/install/opennav_docking_core:/home/thomas24/hive_ws2/install/opennav_docking_bt:/home/thomas24/hive_ws2/install/nav2_dwb_controller:/home/thomas24/hive_ws2/install/dwb_plugins:/home/thomas24/hive_ws2/install/dwb_critics:/home/thomas24/hive_ws2/install/dwb_core:/home/thomas24/hive_ws2/install/nav_2d_utils:/home/thomas24/hive_ws2/install/dwb_msgs:/home/thomas24/hive_ws2/install/nav_2d_msgs:/home/thomas24/hive_ws2/install/nav2_waypoint_follower:/home/thomas24/hive_ws2/install/nav2_theta_star_planner:/home/thomas24/hive_ws2/install/nav2_smoother:/home/thomas24/hive_ws2/install/nav2_smac_planner:/home/thomas24/hive_ws2/install/nav2_rviz_plugins:/home/thomas24/hive_ws2/install/nav2_route:/home/thomas24/hive_ws2/install/nav2_rotation_shim_controller:/home/thomas24/hive_ws2/install/nav2_regulated_pure_pursuit_controller:/home/thomas24/hive_ws2/install/nav2_planner:/home/thomas24/hive_ws2/install/nav2_navfn_planner:/home/thomas24/hive_ws2/install/nav2_mppi_controller:/home/thomas24/hive_ws2/install/nav2_graceful_controller:/home/thomas24/hive_ws2/install/nav2_controller:/home/thomas24/hive_ws2/install/nav2_constrained_smoother:/home/thomas24/hive_ws2/install/nav2_bt_navigator:/home/thomas24/hive_ws2/install/nav2_behaviors:/home/thomas24/hive_ws2/install/nav2_core:/home/thomas24/hive_ws2/install/nav2_collision_monitor:/home/thomas24/hive_ws2/install/hive_costmap:/home/thomas24/hive_ws2/install/costmap_queue:/home/thomas24/hive_ws2/install/nav2_costmap_2d:/home/thomas24/hive_ws2/install/nav2_voxel_grid:/home/thomas24/hive_ws2/install/nav2_velocity_smoother:/home/thomas24/hive_ws2/install/nav2_map_server:/home/thomas24/hive_ws2/install/nav2_lifecycle_manager:/home/thomas24/hive_ws2/install/nav2_behavior_tree:/home/thomas24/hive_ws2/install/nav2_amcl:/home/thomas24/hive_ws2/install/nav2_util:/home/thomas24/hive_ws2/install/nav2_system_tests:/home/thomas24/hive_ws2/install/nav2_ros_common:/home/thomas24/hive_ws2/install/nav2_msgs:/home/thomas24/hive_ws2/install/nav2_common:/home/thomas24/hive_ws2/install/hive_route_planner:/home/thomas24/hive_ws2/install/dev_route_provider:/home/thomas24/hiveverse_ws/install/hive_simulation:/home/thomas24/hiveverse_ws/install/hive_robot_description:/opt/ros/jazzy/opt/gz_sim_vendor:/opt/ros/jazzy/opt/gz_sensors_vendor:/opt/ros/jazzy/opt/gz_physics_vendor:/opt/ros/jazzy/opt/sdformat_vendor:/opt/ros/jazzy/opt/gz_gui_vendor:/opt/ros/jazzy/opt/gz_transport_vendor:/opt/ros/jazzy/opt/gz_rendering_vendor:/opt/ros/jazzy/opt/gz_plugin_vendor:/opt/ros/jazzy/opt/gz_fuel_tools_vendor:/opt/ros/jazzy/opt/gz_msgs_vendor:/opt/ros/jazzy/opt/gz_common_vendor:/opt/ros/jazzy/opt/gz_math_vendor:/opt/ros/jazzy/opt/gz_utils_vendor:/opt/ros/jazzy/opt/gz_tools_vendor:/opt/ros/jazzy/opt/gz_ogre_next_vendor:/opt/ros/jazzy/opt/gz_dartsim_vendor:/opt/ros/jazzy/opt/gz_cmake_vendor DEBUGINFOD_URLS=https://debuginfod.ubuntu.com LD_LIBRARY_PATH=/home/thomas24/hive_ws2/install/hive_interface2/lib:/home/thomas24/hive_ws2/install/opennav_docking/lib:/home/thomas24/hive_ws2/install/opennav_docking_bt/lib:/home/thomas24/hive_ws2/install/dwb_plugins/lib:/home/thomas24/hive_ws2/install/dwb_critics/lib:/home/thomas24/hive_ws2/install/dwb_core/lib:/home/thomas24/hive_ws2/install/nav_2d_utils/lib:/home/thomas24/hive_ws2/install/dwb_msgs/lib:/home/thomas24/hive_ws2/install/nav_2d_msgs/lib:/home/thomas24/hive_ws2/install/nav2_waypoint_follower/lib:/home/thomas24/hive_ws2/install/nav2_theta_star_planner/lib:/home/thomas24/hive_ws2/install/nav2_smoother/lib:/home/thomas24/hive_ws2/install/nav2_smac_planner/lib:/home/thomas24/hive_ws2/install/nav2_rviz_plugins/lib:/home/thomas24/hive_ws2/install/nav2_route/lib:/home/thomas24/hive_ws2/install/nav2_rotation_shim_controller/lib:/home/thomas24/hive_ws2/install/nav2_regulated_pure_pursuit_controller/lib:/home/thomas24/hive_ws2/install/nav2_planner/lib:/home/thomas24/hive_ws2/install/nav2_navfn_planner/lib:/home/thomas24/hive_ws2/install/nav2_mppi_controller/lib:/home/thomas24/hive_ws2/install/nav2_graceful_controller/lib:/home/thomas24/hive_ws2/install/nav2_controller/lib:/home/thomas24/hive_ws2/install/nav2_constrained_smoother/lib:/home/thomas24/hive_ws2/install/nav2_bt_navigator/lib:/home/thomas24/hive_ws2/install/nav2_behaviors/lib:/home/thomas24/hive_ws2/install/nav2_collision_monitor/lib:/home/thomas24/hive_ws2/install/hive_costmap/lib:/home/thomas24/hive_ws2/install/costmap_queue/lib:/home/thomas24/hive_ws2/install/nav2_costmap_2d/lib:/home/thomas24/hive_ws2/install/nav2_voxel_grid/lib:/home/thomas24/hive_ws2/install/nav2_velocity_smoother/lib:/home/thomas24/hive_ws2/install/nav2_map_server/lib:/home/thomas24/hive_ws2/install/nav2_lifecycle_manager/lib:/home/thomas24/hive_ws2/install/nav2_behavior_tree/lib:/home/thomas24/hive_ws2/install/nav2_amcl/lib:/home/thomas24/hive_ws2/install/nav2_util/lib:/home/thomas24/hive_ws2/install/nav2_system_tests/lib:/home/thomas24/hive_ws2/install/nav2_msgs/lib:/opt/ros/jazzy/opt/gz_sim_vendor/lib:/opt/ros/jazzy/opt/gz_sensors_vendor/lib:/opt/ros/jazzy/opt/gz_physics_vendor/lib:/opt/ros/jazzy/opt/sdformat_vendor/lib:/opt/ros/jazzy/opt/rviz_ogre_vendor/lib:/opt/ros/jazzy/lib/x86_64-linux-gnu:/opt/ros/jazzy/opt/gz_gui_vendor/lib:/opt/ros/jazzy/opt/gz_transport_vendor/lib:/opt/ros/jazzy/opt/gz_rendering_vendor/lib:/opt/ros/jazzy/opt/gz_plugin_vendor/lib:/opt/ros/jazzy/opt/gz_fuel_tools_vendor/lib:/opt/ros/jazzy/opt/gz_msgs_vendor/lib:/opt/ros/jazzy/opt/gz_common_vendor/lib:/opt/ros/jazzy/opt/gz_math_vendor/lib:/opt/ros/jazzy/opt/gz_utils_vendor/lib:/opt/ros/jazzy/opt/gz_tools_vendor/lib:/opt/ros/jazzy/opt/gz_ogre_next_vendor/lib:/opt/ros/jazzy/opt/gz_dartsim_vendor/lib:/opt/ros/jazzy/opt/gz_cmake_vendor/lib:/opt/ros/jazzy/lib PYTHONPATH=/home/thomas24/hive_ws2/install/hive_interface2/lib/python3.12/site-packages:/home/thomas24/hive_ws2/install/vanilla_brain_nav2/lib/python3.12/site-packages:/home/thomas24/hive_ws2/install/dwb_msgs/lib/python3.12/site-packages:/home/thomas24/hive_ws2/install/nav_2d_msgs/lib/python3.12/site-packages:/home/thomas24/hive_ws2/install/nav2_loopback_sim/lib/python3.12/site-packages:/home/thomas24/hive_ws2/install/nav2_simple_commander/lib/python3.12/site-packages:/home/thomas24/hive_ws2/install/nav2_msgs/lib/python3.12/site-packages:/home/thomas24/hive_ws2/install/nav2_common/lib/python3.12/site-packages:/home/thomas24/hiveverse_ws/install/hive_tools/lib/python3.12/site-packages:/home/thomas24/hiveverse_ws/install/hive_bringup/lib/python3.12/site-packages:/opt/ros/jazzy/lib/python3.12/site-packages /usr/bin/cmake --build /home/thomas24/hive_ws2/build/hive_route_planner -- -j16 -l16
