[ 14%] [32mBuilding CXX object CMakeFiles/hive_nav_brain_lib.dir/src/hive_nav_brain_node.cpp.o[0m
In file included from [01m[K/opt/ros/jazzy/include/rclcpp/rclcpp/logging.hpp:24[m[K,
                 from [01m[K/opt/ros/jazzy/include/rclcpp/rclcpp/copy_all_parameter_values.hpp:27[m[K,
                 from [01m[K/opt/ros/jazzy/include/rclcpp/rclcpp/rclcpp.hpp:171[m[K,
                 from [01m[K/home/thomas24/hive_ws2/src/hive_nav_brain/include/hive_nav_brain/hive_nav_brain_node.hpp:6[m[K,
                 from [01m[K/home/thomas24/hive_ws2/src/hive_nav_brain/src/hive_nav_brain_node.cpp:1[m[K:
[01m[K/home/thomas24/hive_ws2/src/hive_nav_brain/src/hive_nav_brain_node.cpp:[m[K In member function â€˜[01m[Kvoid HiveNavBrainNode::[01;32m[KonLoop[m[K()[m[Kâ€™:
[01m[K/home/thomas24/hive_ws2/src/hive_nav_brain/src/hive_nav_brain_node.cpp:546:39:[m[K [01;31m[Kerror: [m[Krequest for member â€˜[01m[Kc_str[m[Kâ€™ in â€˜[01m[Khive_nav::to_string(((HiveNavBrainNode*)this)->HiveNavBrainNode::gs_.hive_nav::GlobalState::status())[m[Kâ€™, which is of non-class type â€˜[01m[Kconst char*[m[Kâ€™
  546 |     hive_nav::to_string(gs_.status()).[01;31m[Kc_str[m[K());
      |                                       [01;31m[K^~~~~[m[K
[01m[K/home/thomas24/hive_ws2/src/hive_nav_brain/src/hive_nav_brain_node.cpp:649:41:[m[K [01;31m[Kerror: [m[Krequest for member â€˜[01m[Kc_str[m[Kâ€™ in â€˜[01m[Khive_nav::to_string(((HiveNavBrainNode*)this)->HiveNavBrainNode::gs_.hive_nav::GlobalState::status())[m[Kâ€™, which is of non-class type â€˜[01m[Kconst char*[m[Kâ€™
  649 |       hive_nav::to_string(gs_.status()).[01;31m[Kc_str[m[K());
      |                                         [01;31m[K^~~~~[m[K
gmake[2]: *** [CMakeFiles/hive_nav_brain_lib.dir/build.make:76: CMakeFiles/hive_nav_brain_lib.dir/src/hive_nav_brain_node.cpp.o] Error 1
gmake[1]: *** [CMakeFiles/Makefile2:139: CMakeFiles/hive_nav_brain_lib.dir/all] Error 2
gmake: *** [Makefile:146: all] Error 2
