[33mCMake Warning:
  Manually-specified variables were not used by the project:

    CATKIN_INSTALL_INTO_PREFIX_ROOT

[0m
[01m[K/home/thomas24/hive_ws2/src/hive_route_planner/src/hive_route_planner_node.cpp:18:10:[m[K [01;31m[Kfatal error: [m[Khive_route_planner/srv/compute_route.hpp: No such file or directory
   18 | #include [01;31m[K"hive_route_planner/srv/compute_route.hpp"[m[K
      |          [01;31m[K^~~~~~~~~~~~~~~~~~~~~~~~~~~~~~~~~~~~~~~~~~[m[K
compilation terminated.
gmake[2]: *** [CMakeFiles/hive_route_planner_node.dir/build.make:76: CMakeFiles/hive_route_planner_node.dir/src/hive_route_planner_node.cpp.o] Error 1
gmake[1]: *** [CMakeFiles/Makefile2:194: CMakeFiles/hive_route_planner_node.dir/all] Error 2
gmake: *** [Makefile:146: all] Error 2
