[ 50%] [32mBuilding CXX object CMakeFiles/hive_route_planner_node.dir/src/hive_route_planner_node.cpp.o[0m
[01m[K/home/thomas24/hive_ws2/src/hive_route_planner/src/hive_route_planner_node.cpp:13:10:[m[K [01;31m[Kfatal error: [m[Kvisualization_msgs/msg/marker_array.hpp: No such file or directory
   13 | #include [01;31m[K<visualization_msgs/msg/marker_array.hpp>[m[K
      |          [01;31m[K^~~~~~~~~~~~~~~~~~~~~~~~~~~~~~~~~~~~~~~~~[m[K
compilation terminated.
gmake[2]: *** [CMakeFiles/hive_route_planner_node.dir/build.make:76: CMakeFiles/hive_route_planner_node.dir/src/hive_route_planner_node.cpp.o] Error 1
gmake[1]: *** [CMakeFiles/Makefile2:137: CMakeFiles/hive_route_planner_node.dir/all] Error 2
gmake: *** [Makefile:146: all] Error 2
