-- Found ament_cmake: 2.5.4 (/opt/ros/jazzy/share/ament_cmake/cmake)
-- Found rclcpp: 28.1.11 (/opt/ros/jazzy/share/rclcpp/cmake)
-- Found rosidl_generator_c: 4.6.6 (/opt/ros/jazzy/share/rosidl_generator_c/cmake)
-- Found rosidl_generator_cpp: 4.6.6 (/opt/ros/jazzy/share/rosidl_generator_cpp/cmake)
-- Using all available rosidl_typesupport_c: rosidl_typesupport_fastrtps_c;rosidl_typesupport_introspection_c
-- Using all available rosidl_typesupport_cpp: rosidl_typesupport_fastrtps_cpp;rosidl_typesupport_introspection_cpp
-- Found rmw_implementation_cmake: 7.3.2 (/opt/ros/jazzy/share/rmw_implementation_cmake/cmake)
-- Found rmw_fastrtps_cpp: 8.4.3 (/opt/ros/jazzy/share/rmw_fastrtps_cpp/cmake)
-- Using RMW implementation 'rmw_fastrtps_cpp' as default
-- Found std_srvs: 5.3.6 (/opt/ros/jazzy/share/std_srvs/cmake)
-- Found hive_interface2: 0.0.1 (/home/thomas24/hive_ws2/install/hive_interface2/share/hive_interface2/cmake)
-- Found visualization_msgs: 5.3.6 (/opt/ros/jazzy/share/visualization_msgs/cmake)
-- Configuring done (0.5s)
-- Generating done (0.0s)
-- Build files have been written to: /home/thomas24/hive_ws2/build/hive_route_planner
[ 25%] [32mBuilding CXX object CMakeFiles/route_utils.dir/src/route_utils.cpp.o[0m
[01m[K/home/thomas24/hive_ws2/src/hive_route_planner/src/route_utils.cpp:[m[K In member function â€˜[01m[Kvisualization_msgs::msg::MarkerArray hive_route_planner::RouteDataStore::[01;32m[KbuildMarkerArray[m[K(const std::string&, const std::string&, float, float) const[m[Kâ€™:
[01m[K/home/thomas24/hive_ws2/src/hive_route_planner/src/route_utils.cpp:33:3:[m[K [01;31m[Kerror: [m[Kâ€˜[01m[Krclcpp[m[Kâ€™ has not been declared
   33 |   [01;31m[Krclcpp[m[K::Time stamp(0); // laisser RViz afficher sans contrainte de TF
      |   [01;31m[K^~~~~~[m[K
[01m[K/home/thomas24/hive_ws2/src/hive_route_planner/src/route_utils.cpp:45:24:[m[K [01;31m[Kerror: [m[Kâ€˜[01m[Kstamp[m[Kâ€™ was not declared in this scope
   45 |   lines.header.stamp = [01;31m[Kstamp[m[K;
      |                        [01;31m[K^~~~~[m[K
[01m[K/home/thomas24/hive_ws2/src/hive_route_planner/src/route_utils.cpp:52:20:[m[K [01;31m[Kerror: [m[Kâ€˜[01m[Krclcpp[m[Kâ€™ has not been declared
   52 |   lines.lifetime = [01;31m[Krclcpp[m[K::Duration(0,0); // infini
      |                    [01;31m[K^~~~~~[m[K
[01m[K/home/thomas24/hive_ws2/src/hive_route_planner/src/route_utils.cpp:65:18:[m[K [01;31m[Kerror: [m[Kâ€˜[01m[Krclcpp[m[Kâ€™ has not been declared
   65 |   pts.lifetime = [01;31m[Krclcpp[m[K::Duration(0,0);
      |                  [01;31m[K^~~~~~[m[K
gmake[2]: *** [CMakeFiles/route_utils.dir/build.make:76: CMakeFiles/route_utils.dir/src/route_utils.cpp.o] Error 1
gmake[1]: *** [CMakeFiles/Makefile2:139: CMakeFiles/route_utils.dir/all] Error 2
gmake: *** [Makefile:146: all] Error 2
