[01m[K/home/thomas24/hive_ws2/src/hive_nav_brain/src/hive_nav_brain_node.cpp:[m[K In member function â€˜[01m[Kvoid HiveNavBrainNode::[01;32m[KonLoop[m[K()[m[Kâ€™:
[01m[K/home/thomas24/hive_ws2/src/hive_nav_brain/src/hive_nav_brain_node.cpp:369:20:[m[K [01;31m[Kerror: [m[Kâ€˜[01m[Kusing nav2_msgs::action::ComputePathThroughPoses_Goal_<std::allocator<void> >::_goals_type = struct nav_msgs::msg::Goals_<std::allocator<void> >[m[Kâ€™ {aka â€˜[01m[Kstruct nav_msgs::msg::Goals_<std::allocator<void> >[m[Kâ€™} has no member named â€˜[01m[Kclear[m[Kâ€™
  369 |         goal.goals.[01;31m[Kclear[m[K();
      |                    [01;31m[K^~~~~[m[K
[01m[K/home/thomas24/hive_ws2/src/hive_nav_brain/src/hive_nav_brain_node.cpp:378:20:[m[K [01;31m[Kerror: [m[Kâ€˜[01m[Kusing nav2_msgs::action::ComputePathThroughPoses_Goal_<std::allocator<void> >::_goals_type = struct nav_msgs::msg::Goals_<std::allocator<void> >[m[Kâ€™ {aka â€˜[01m[Kstruct nav_msgs::msg::Goals_<std::allocator<void> >[m[Kâ€™} has no member named â€˜[01m[Kpush_back[m[Kâ€™
  378 |         goal.goals.[01;31m[Kpush_back[m[K(g);
      |                    [01;31m[K^~~~~~~~~[m[K
gmake[2]: *** [CMakeFiles/hive_nav_brain_lib.dir/build.make:76: CMakeFiles/hive_nav_brain_lib.dir/src/hive_nav_brain_node.cpp.o] Error 1
gmake[1]: *** [CMakeFiles/Makefile2:139: CMakeFiles/hive_nav_brain_lib.dir/all] Error 2
gmake: *** [Makefile:146: all] Error 2
