[01m[K/home/thomas24/hive_ws2/src/hive_nav_brain/src/hive_nav_brain_node.cpp:[m[K In constructor â€˜[01m[KHiveNavBrainNode::[01;32m[KHiveNavBrainNode[m[K()[m[Kâ€™:
[01m[K/home/thomas24/hive_ws2/src/hive_nav_brain/src/hive_nav_brain_node.cpp:100:3:[m[K [01;31m[Kerror: [m[Kâ€˜[01m[Ktarget_marker_pub_[m[Kâ€™ was not declared in this scope; did you mean â€˜[01m[Ktarget_marker_topic[m[Kâ€™?
  100 |   [01;31m[Ktarget_marker_pub_[m[K = this->create_publisher<visualization_msgs::msg::Marker>(target_marker_topic, rclcpp::QoS(1));
      |   [01;31m[K^~~~~~~~~~~~~~~~~~[m[K
      |   [32m[Ktarget_marker_topic[m[K
[01m[K/home/thomas24/hive_ws2/src/hive_nav_brain/src/hive_nav_brain_node.cpp:[m[K In member function â€˜[01m[Kvoid HiveNavBrainNode::[01;32m[KonLoop[m[K()[m[Kâ€™:
[01m[K/home/thomas24/hive_ws2/src/hive_nav_brain/src/hive_nav_brain_node.cpp:361:7:[m[K [01;31m[Kerror: [m[Kâ€˜[01m[Ktarget_marker_pub_[m[Kâ€™ was not declared in this scope
  361 |       [01;31m[Ktarget_marker_pub_[m[K->publish(m);
      |       [01;31m[K^~~~~~~~~~~~~~~~~~[m[K
[01m[K/home/thomas24/hive_ws2/src/hive_nav_brain/src/hive_nav_brain_node.cpp:370:7:[m[K [01;31m[Kerror: [m[Kâ€˜[01m[Ktarget_marker_pub_[m[Kâ€™ was not declared in this scope
  370 |       [01;31m[Ktarget_marker_pub_[m[K->publish(m);
      |       [01;31m[K^~~~~~~~~~~~~~~~~~[m[K
[01m[K/home/thomas24/hive_ws2/src/hive_nav_brain/src/hive_nav_brain_node.cpp:[m[K In member function â€˜[01m[Kdouble HiveNavBrainNode::[01;32m[Kcompute_distance_to_current_path_xy[m[K(double, double, std::string&) const[m[Kâ€™:
[01m[K/home/thomas24/hive_ws2/src/hive_nav_brain/src/hive_nav_brain_node.cpp:513:22:[m[K [01;31m[Kerror: [m[Kâ€˜[01m[Klimits[m[Kâ€™ is not a member of â€˜[01m[Kstd[m[Kâ€™
  513 |   double best = std::[01;31m[Klimits[m[K<double>::infinity(); // fixed below
      |                      [01;31m[K^~~~~~[m[K
[01m[K/home/thomas24/hive_ws2/src/hive_nav_brain/src/hive_nav_brain_node.cpp:513:29:[m[K [01;31m[Kerror: [m[Kexpected primary-expression before â€˜[01m[Kdouble[m[Kâ€™
  513 |   double best = std::limits<[01;31m[Kdouble[m[K>::infinity(); // fixed below
      |                             [01;31m[K^~~~~~[m[K
gmake[2]: *** [CMakeFiles/hive_nav_brain_lib.dir/build.make:76: CMakeFiles/hive_nav_brain_lib.dir/src/hive_nav_brain_node.cpp.o] Error 1
gmake[1]: *** [CMakeFiles/Makefile2:139: CMakeFiles/hive_nav_brain_lib.dir/all] Error 2
gmake: *** [Makefile:146: all] Error 2
