-- Found ament_cmake: 2.5.4 (/opt/ros/jazzy/share/ament_cmake/cmake)
-- Override CMake install command with custom implementation using symlinks instead of copying resources
-- Found rclcpp: 28.1.11 (/opt/ros/jazzy/share/rclcpp/cmake)
-- Found rosidl_generator_c: 4.6.6 (/opt/ros/jazzy/share/rosidl_generator_c/cmake)
-- Found rosidl_generator_cpp: 4.6.6 (/opt/ros/jazzy/share/rosidl_generator_cpp/cmake)
-- Using all available rosidl_typesupport_c: rosidl_typesupport_fastrtps_c;rosidl_typesupport_introspection_c
-- Using all available rosidl_typesupport_cpp: rosidl_typesupport_fastrtps_cpp;rosidl_typesupport_introspection_cpp
-- Found rmw_implementation_cmake: 7.3.2 (/opt/ros/jazzy/share/rmw_implementation_cmake/cmake)
-- Found rmw_fastrtps_cpp: 8.4.3 (/opt/ros/jazzy/share/rmw_fastrtps_cpp/cmake)
-- Using RMW implementation 'rmw_fastrtps_cpp' as default
-- Found std_srvs: 5.3.6 (/opt/ros/jazzy/share/std_srvs/cmake)
-- Found geometry_msgs: 5.3.6 (/opt/ros/jazzy/share/geometry_msgs/cmake)
-- Found nav_msgs: 5.3.6 (/opt/ros/jazzy/share/nav_msgs/cmake)
-- Found hive_interface2: 0.0.1 (/home/thomas24/hive_ws2/install/hive_interface2/share/hive_interface2/cmake)
-- Found tf2_ros: 0.36.14 (/opt/ros/jazzy/share/tf2_ros/cmake)
-- Found tf2_geometry_msgs: 0.36.14 (/opt/ros/jazzy/share/tf2_geometry_msgs/cmake)
-- Found eigen3_cmake_module: 0.3.0 (/opt/ros/jazzy/share/eigen3_cmake_module/cmake)
-- Ensuring Eigen3 include directory is part of orocos-kdl CMake target
-- Found visualization_msgs: 5.3.6 (/opt/ros/jazzy/share/visualization_msgs/cmake)
-- Configuring done (0.7s)
-- Generating done (0.0s)
-- Build files have been written to: /home/thomas24/hive_ws2/build/hive_nav_brain
[ 25%] [32mBuilding CXX object CMakeFiles/hive_nav_brain_lib.dir/src/hive_nav_brain_node.cpp.o[0m
[01m[K/home/thomas24/hive_ws2/src/hive_nav_brain/src/hive_nav_brain_node.cpp:[m[K In constructor â€˜[01m[KHiveNavBrainNode::[01;32m[KHiveNavBrainNode[m[K()[m[Kâ€™:
[01m[K/home/thomas24/hive_ws2/src/hive_nav_brain/src/hive_nav_brain_node.cpp:100:3:[m[K [01;31m[Kerror: [m[Kâ€˜[01m[Ktarget_marker_pub_[m[Kâ€™ was not declared in this scope; did you mean â€˜[01m[Ktarget_marker_topic[m[Kâ€™?
  100 |   [01;31m[Ktarget_marker_pub_[m[K = this->create_publisher<visualization_msgs::msg::Marker>(target_marker_topic, rclcpp::QoS(1));
      |   [01;31m[K^~~~~~~~~~~~~~~~~~[m[K
      |   [32m[Ktarget_marker_topic[m[K
[01m[K/home/thomas24/hive_ws2/src/hive_nav_brain/src/hive_nav_brain_node.cpp:[m[K In member function â€˜[01m[Kvoid HiveNavBrainNode::[01;32m[KonLoop[m[K()[m[Kâ€™:
[01m[K/home/thomas24/hive_ws2/src/hive_nav_brain/src/hive_nav_brain_node.cpp:361:7:[m[K [01;31m[Kerror: [m[Kâ€˜[01m[Ktarget_marker_pub_[m[Kâ€™ was not declared in this scope
  361 |       [01;31m[Ktarget_marker_pub_[m[K->publish(m);
      |       [01;31m[K^~~~~~~~~~~~~~~~~~[m[K
[01m[K/home/thomas24/hive_ws2/src/hive_nav_brain/src/hive_nav_brain_node.cpp:370:7:[m[K [01;31m[Kerror: [m[Kâ€˜[01m[Ktarget_marker_pub_[m[Kâ€™ was not declared in this scope
  370 |       [01;31m[Ktarget_marker_pub_[m[K->publish(m);
      |       [01;31m[K^~~~~~~~~~~~~~~~~~[m[K
[01m[K/home/thomas24/hive_ws2/src/hive_nav_brain/src/hive_nav_brain_node.cpp:[m[K In member function â€˜[01m[Kdouble HiveNavBrainNode::[01;32m[Kcompute_distance_to_current_path_xy[m[K(double, double, std::string&) const[m[Kâ€™:
[01m[K/home/thomas24/hive_ws2/src/hive_nav_brain/src/hive_nav_brain_node.cpp:513:22:[m[K [01;31m[Kerror: [m[Kâ€˜[01m[Klimits[m[Kâ€™ is not a member of â€˜[01m[Kstd[m[Kâ€™
  513 |   double best = std::[01;31m[Klimits[m[K<double>::infinity(); // fixed below
      |                      [01;31m[K^~~~~~[m[K
[01m[K/home/thomas24/hive_ws2/src/hive_nav_brain/src/hive_nav_brain_node.cpp:513:29:[m[K [01;31m[Kerror: [m[Kexpected primary-expression before â€˜[01m[Kdouble[m[Kâ€™
  513 |   double best = std::limits<[01;31m[Kdouble[m[K>::infinity(); // fixed below
      |                             [01;31m[K^~~~~~[m[K
gmake[2]: *** [CMakeFiles/hive_nav_brain_lib.dir/build.make:76: CMakeFiles/hive_nav_brain_lib.dir/src/hive_nav_brain_node.cpp.o] Error 1
gmake[1]: *** [CMakeFiles/Makefile2:139: CMakeFiles/hive_nav_brain_lib.dir/all] Error 2
gmake: *** [Makefile:146: all] Error 2
