[33mCMake Warning:
  Manually-specified variables were not used by the project:

    CATKIN_INSTALL_INTO_PREFIX_ROOT

[0m
[01m[K/home/thomas24/hive_ws2/src/hive_route_planner/src/astar_planner.cpp:229:15:[m[K [01;31m[Kerror: [m[Kâ€˜[01m[KPathResult[m[Kâ€™ in â€˜[01m[Kclass hive_route_planner::AStarPlanner[m[Kâ€™ does not name a type
  229 | AStarPlanner::[01;31m[KPathResult[m[K
      |               [01;31m[K^~~~~~~~~~[m[K
[01m[K/home/thomas24/hive_ws2/src/hive_route_planner/src/astar_planner.cpp:320:15:[m[K [01;31m[Kerror: [m[Kâ€˜[01m[KPathResult[m[Kâ€™ in â€˜[01m[Kclass hive_route_planner::AStarPlanner[m[Kâ€™ does not name a type
  320 | AStarPlanner::[01;31m[KPathResult[m[K
      |               [01;31m[K^~~~~~~~~~[m[K
[01m[K/home/thomas24/hive_ws2/src/hive_route_planner/src/astar_planner.cpp:363:15:[m[K [01;31m[Kerror: [m[Kâ€˜[01m[KPathResult[m[Kâ€™ in â€˜[01m[Kclass hive_route_planner::AStarPlanner[m[Kâ€™ does not name a type
  363 | AStarPlanner::[01;31m[KPathResult[m[K
      |               [01;31m[K^~~~~~~~~~[m[K
gmake[2]: *** [CMakeFiles/astar_planner.dir/build.make:76: CMakeFiles/astar_planner.dir/src/astar_planner.cpp.o] Error 1
gmake[1]: *** [CMakeFiles/Makefile2:167: CMakeFiles/astar_planner.dir/all] Error 2
gmake: *** [Makefile:146: all] Error 2
